*** Starting uWSGI 2.0.19.1 (64bit) on [Sat May 15 01:36:16 2021] ***
compiled with version: 7.5.0 on 14 May 2021 13:14:02
os: Linux-4.4.0-1128-aws #142-Ubuntu SMP Fri Apr 16 12:42:33 UTC 2021
nodename: goorm
machine: x86_64
clock source: unix
pcre jit disabled
detected number of CPU cores: 2
current working directory: /workspace/SugarContentCheck
writing pidfile to /workspace/SugarContentCheck/tmp/scc.pid
detected binary path: /workspace/SugarContentCheck/venv/bin/uwsgi
*** WARNING: you are running uWSGI as root !!! (use the --uid flag) *** 
chdir() to /workspace/SugarContentCheck/
your memory page size is 4096 bytes
detected max file descriptor number: 1024
building mime-types dictionary from file /etc/mime.types...554 entry found
lock engine: pthread robust mutexes
thunder lock: disabled (you can enable it with --thunder-lock)
uWSGI http bound on :80 fd 4
uwsgi socket 0 bound to TCP address 127.0.0.1:35945 (port auto-assigned) fd 3
*** WARNING: you are running uWSGI as root !!! (use the --uid flag) *** 
Python version: 3.7.4 (default, Nov  4 2020, 10:17:35)  [GCC 7.4.0]
PEP 405 virtualenv detected: /workspace/SugarContentCheck/venv/
Set PythonHome to /workspace/SugarContentCheck/venv/
Python main interpreter initialized at 0x564e96c7e7e0
*** WARNING: you are running uWSGI as root !!! (use the --uid flag) *** 
python threads support enabled
your server socket listen backlog is limited to 100 connections
your mercy for graceful operations on workers is 60 seconds
mapped 145840 bytes (142 KB) for 1 cores
*** Operational MODE: single process ***
WSGI app 0 (mountpoint='') ready in 1 seconds on interpreter 0x564e96c7e7e0 pid: 1163 (default app)
*** WARNING: you are running uWSGI as root !!! (use the --uid flag) *** 
spawned uWSGI master process (pid: 1163)
spawned uWSGI worker 1 (pid: 1166, cores: 1)
spawned uWSGI http 1 (pid: 1167)
subprocess 1164 exited with code 0
[pid: 1166|app: 0|req: 1/1] 172.17.0.1 () {48 vars in 2455 bytes} [Sat May 15 01:36:42 2021] GET / => generated 2127 bytes in 37 msecs (HTTP/1.1 200) 5 headers in 167 bytes (1 switches on core 0)
[pid: 1166|app: -1|req: -1/2] 172.17.0.1 () {44 vars in 2373 bytes} [Sat May 15 01:36:43 2021] GET /static/css/style1.css => generated 2696 bytes in 1 msecs via sendfile() (HTTP/1.1 200) 3 headers in 111 bytes (0 switches on core 0)
[pid: 1166|app: -1|req: -1/3] 172.17.0.1 () {44 vars in 2371 bytes} [Sat May 15 01:36:43 2021] GET /static/css/reset.css => generated 990 bytes in 1 msecs via sendfile() (HTTP/1.1 200) 3 headers in 110 bytes (0 switches on core 0)
*** Starting uWSGI 2.0.19.1 (64bit) on [Sat May 15 05:45:12 2021] ***
compiled with version: 7.5.0 on 14 May 2021 13:14:02
os: Linux-4.4.0-1128-aws #142-Ubuntu SMP Fri Apr 16 12:42:33 UTC 2021
nodename: goorm
machine: x86_64
clock source: unix
pcre jit disabled
detected number of CPU cores: 2
current working directory: /workspace/SugarContentCheck
writing pidfile to /workspace/SugarContentCheck/tmp/scc.pid
detected binary path: /workspace/SugarContentCheck/venv/bin/uwsgi
chdir() to /workspace/SugarContentCheck/
your memory page size is 4096 bytes
detected max file descriptor number: 1024
building mime-types dictionary from file /etc/mime.types...554 entry found
lock engine: pthread robust mutexes
thunder lock: disabled (you can enable it with --thunder-lock)
bind(): No such file or directory [core/socket.c line 230]
VACUUM: pidfile removed.
*** Starting uWSGI 2.0.19.1 (64bit) on [Sat May 15 05:48:01 2021] ***
compiled with version: 7.5.0 on 14 May 2021 13:14:02
os: Linux-4.4.0-1128-aws #142-Ubuntu SMP Fri Apr 16 12:42:33 UTC 2021
nodename: goorm
machine: x86_64
clock source: unix
pcre jit disabled
detected number of CPU cores: 2
current working directory: /workspace/SugarContentCheck
writing pidfile to /workspace/SugarContentCheck/tmp/scc.pid
detected binary path: /workspace/SugarContentCheck/venv/bin/uwsgi
chdir() to /workspace/SugarContentCheck/
your memory page size is 4096 bytes
detected max file descriptor number: 1024
building mime-types dictionary from file /etc/mime.types...554 entry found
lock engine: pthread robust mutexes
thunder lock: disabled (you can enable it with --thunder-lock)
bind(): No such file or directory [core/socket.c line 230]
VACUUM: pidfile removed.
*** Starting uWSGI 2.0.19.1 (64bit) on [Sat May 15 05:49:04 2021] ***
compiled with version: 7.5.0 on 14 May 2021 13:14:02
os: Linux-4.4.0-1128-aws #142-Ubuntu SMP Fri Apr 16 12:42:33 UTC 2021
nodename: goorm
machine: x86_64
clock source: unix
pcre jit disabled
detected number of CPU cores: 2
current working directory: /workspace/SugarContentCheck
writing pidfile to /workspace/SugarContentCheck/tmp/scc.pid
detected binary path: /workspace/SugarContentCheck/venv/bin/uwsgi
chdir() to /workspace/SugarContentCheck/
your memory page size is 4096 bytes
detected max file descriptor number: 1024
building mime-types dictionary from file /etc/mime.types...554 entry found
lock engine: pthread robust mutexes
thunder lock: disabled (you can enable it with --thunder-lock)
bind(): No such file or directory [core/socket.c line 230]
VACUUM: pidfile removed.
*** Starting uWSGI 2.0.19.1 (64bit) on [Sat May 15 05:54:12 2021] ***
compiled with version: 7.5.0 on 14 May 2021 13:14:02
os: Linux-4.4.0-1128-aws #142-Ubuntu SMP Fri Apr 16 12:42:33 UTC 2021
nodename: goorm
machine: x86_64
clock source: unix
pcre jit disabled
detected number of CPU cores: 2
current working directory: /workspace/SugarContentCheck
writing pidfile to /workspace/SugarContentCheck/tmp/scc.pid
detected binary path: /workspace/SugarContentCheck/venv/bin/uwsgi
chdir() to /workspace/SugarContentCheck/
your memory page size is 4096 bytes
detected max file descriptor number: 1024
building mime-types dictionary from file /etc/mime.types...554 entry found
lock engine: pthread robust mutexes
thunder lock: disabled (you can enable it with --thunder-lock)
bind(): No such file or directory [core/socket.c line 230]
VACUUM: pidfile removed.
*** Starting uWSGI 2.0.19.1 (64bit) on [Sat May 15 06:00:06 2021] ***
compiled with version: 7.5.0 on 14 May 2021 13:14:02
os: Linux-4.4.0-1128-aws #142-Ubuntu SMP Fri Apr 16 12:42:33 UTC 2021
nodename: goorm
machine: x86_64
clock source: unix
pcre jit disabled
detected number of CPU cores: 2
current working directory: /workspace/SugarContentCheck
writing pidfile to /workspace/SugarContentCheck/tmp/scc.pid
detected binary path: /workspace/SugarContentCheck/venv/bin/uwsgi
chdir() to /workspace/SugarContentCheck/
your memory page size is 4096 bytes
detected max file descriptor number: 1024
building mime-types dictionary from file /etc/mime.types...554 entry found
lock engine: pthread robust mutexes
thunder lock: disabled (you can enable it with --thunder-lock)
bind(): No such file or directory [core/socket.c line 230]
VACUUM: pidfile removed.
*** Starting uWSGI 2.0.19.1 (64bit) on [Sat May 15 06:07:52 2021] ***
compiled with version: 7.5.0 on 14 May 2021 13:14:02
os: Linux-4.4.0-1128-aws #142-Ubuntu SMP Fri Apr 16 12:42:33 UTC 2021
nodename: goorm
machine: x86_64
clock source: unix
pcre jit disabled
detected number of CPU cores: 2
current working directory: /workspace/SugarContentCheck
writing pidfile to /workspace/SugarContentCheck/tmp/scc.pid
detected binary path: /workspace/SugarContentCheck/venv/bin/uwsgi
chdir() to /workspace/SugarContentCheck/
your memory page size is 4096 bytes
detected max file descriptor number: 1024
building mime-types dictionary from file /etc/mime.types...554 entry found
lock engine: pthread robust mutexes
thunder lock: disabled (you can enable it with --thunder-lock)
bind(): No such file or directory [core/socket.c line 230]
VACUUM: pidfile removed.
*** Starting uWSGI 2.0.19.1 (64bit) on [Sat May 15 06:08:22 2021] ***
compiled with version: 7.5.0 on 14 May 2021 13:14:02
os: Linux-4.4.0-1128-aws #142-Ubuntu SMP Fri Apr 16 12:42:33 UTC 2021
nodename: goorm
machine: x86_64
clock source: unix
pcre jit disabled
detected number of CPU cores: 2
current working directory: /workspace/SugarContentCheck
writing pidfile to /workspace/SugarContentCheck/tmp/scc.pid
detected binary path: /workspace/SugarContentCheck/venv/bin/uwsgi
chdir() to /workspace/SugarContentCheck/
your memory page size is 4096 bytes
detected max file descriptor number: 1024
building mime-types dictionary from file /etc/mime.types...554 entry found
lock engine: pthread robust mutexes
thunder lock: disabled (you can enable it with --thunder-lock)
bind(): No such file or directory [core/socket.c line 230]
VACUUM: pidfile removed.
*** Starting uWSGI 2.0.19.1 (64bit) on [Sat May 15 06:33:43 2021] ***
compiled with version: 7.5.0 on 14 May 2021 13:14:02
os: Linux-4.4.0-1128-aws #142-Ubuntu SMP Fri Apr 16 12:42:33 UTC 2021
nodename: goorm
machine: x86_64
clock source: unix
pcre jit disabled
detected number of CPU cores: 2
current working directory: /workspace/SugarContentCheck
writing pidfile to /workspace/SugarContentCheck/tmp/scc.pid
detected binary path: /workspace/SugarContentCheck/venv/bin/uwsgi
*** WARNING: you are running uWSGI as root !!! (use the --uid flag) *** 
chdir() to /workspace/SugarContentCheck/
your memory page size is 4096 bytes
detected max file descriptor number: 1024
building mime-types dictionary from file /etc/mime.types...554 entry found
lock engine: pthread robust mutexes
thunder lock: disabled (you can enable it with --thunder-lock)
probably another instance of uWSGI is running on the same address (:80).
bind(): Address already in use [core/socket.c line 769]
VACUUM: pidfile removed.
*** Starting uWSGI 2.0.19.1 (64bit) on [Sat May 15 06:36:35 2021] ***
compiled with version: 7.5.0 on 14 May 2021 13:14:02
os: Linux-4.4.0-1128-aws #142-Ubuntu SMP Fri Apr 16 12:42:33 UTC 2021
nodename: goorm
machine: x86_64
clock source: unix
pcre jit disabled
detected number of CPU cores: 2
current working directory: /workspace/SugarContentCheck
writing pidfile to /workspace/SugarContentCheck/tmp/scc.pid
detected binary path: /workspace/SugarContentCheck/venv/bin/uwsgi
*** WARNING: you are running uWSGI as root !!! (use the --uid flag) *** 
chdir() to /workspace/SugarContentCheck/
your memory page size is 4096 bytes
detected max file descriptor number: 1024
building mime-types dictionary from file /etc/mime.types...554 entry found
lock engine: pthread robust mutexes
thunder lock: disabled (you can enable it with --thunder-lock)
probably another instance of uWSGI is running on the same address (:80).
bind(): Address already in use [core/socket.c line 769]
VACUUM: pidfile removed.
*** Starting uWSGI 2.0.19.1 (64bit) on [Sat May 15 06:43:19 2021] ***
compiled with version: 7.5.0 on 14 May 2021 13:14:02
os: Linux-4.4.0-1128-aws #142-Ubuntu SMP Fri Apr 16 12:42:33 UTC 2021
nodename: goorm
machine: x86_64
clock source: unix
pcre jit disabled
detected number of CPU cores: 2
current working directory: /workspace/SugarContentCheck
writing pidfile to /workspace/SugarContentCheck/tmp/scc.pid
detected binary path: /workspace/SugarContentCheck/venv/bin/uwsgi
*** WARNING: you are running uWSGI as root !!! (use the --uid flag) *** 
chdir() to /workspace/SugarContentCheck/
your memory page size is 4096 bytes
detected max file descriptor number: 1024
building mime-types dictionary from file /etc/mime.types...554 entry found
lock engine: pthread robust mutexes
thunder lock: disabled (you can enable it with --thunder-lock)
uWSGI http bound on :8000 fd 4
uwsgi socket 0 bound to TCP address 127.0.0.1:44064 (port auto-assigned) fd 3
*** WARNING: you are running uWSGI as root !!! (use the --uid flag) *** 
Python version: 3.7.4 (default, Nov  4 2020, 10:17:35)  [GCC 7.4.0]
PEP 405 virtualenv detected: /workspace/SugarContentCheck/venv/
Set PythonHome to /workspace/SugarContentCheck/venv/
Python main interpreter initialized at 0x55c544cdd810
*** WARNING: you are running uWSGI as root !!! (use the --uid flag) *** 
python threads support enabled
your server socket listen backlog is limited to 100 connections
your mercy for graceful operations on workers is 60 seconds
mapped 145840 bytes (142 KB) for 1 cores
*** Operational MODE: single process ***
WSGI app 0 (mountpoint='') ready in 2 seconds on interpreter 0x55c544cdd810 pid: 508 (default app)
*** WARNING: you are running uWSGI as root !!! (use the --uid flag) *** 
spawned uWSGI master process (pid: 508)
spawned uWSGI worker 1 (pid: 512, cores: 1)
spawned uWSGI http 1 (pid: 513)
subprocess 509 exited with code 0
[pid: 512|app: 0|req: 1/1] 172.17.0.1 () {48 vars in 2440 bytes} [Sat May 15 06:43:21 2021] GET / => generated 2127 bytes in 83 msecs (HTTP/1.1 200) 5 headers in 167 bytes (1 switches on core 0)
[pid: 512|app: -1|req: -1/2] 172.17.0.1 () {44 vars in 2355 bytes} [Sat May 15 06:43:22 2021] GET /static/css/reset.css => generated 990 bytes in 0 msecs via sendfile() (HTTP/1.1 200) 3 headers in 110 bytes (0 switches on core 0)
[pid: 512|app: -1|req: -1/3] 172.17.0.1 () {44 vars in 2357 bytes} [Sat May 15 06:43:22 2021] GET /static/css/style1.css => generated 2696 bytes in 0 msecs via sendfile() (HTTP/1.1 200) 3 headers in 111 bytes (0 switches on core 0)
Not Found: /favicon.ico
[pid: 512|app: 0|req: 2/4] 172.17.0.1 () {48 vars in 2411 bytes} [Sat May 15 06:43:22 2021] GET /favicon.ico => generated 2624 bytes in 98 msecs (HTTP/1.1 404) 5 headers in 159 bytes (1 switches on core 0)
[pid: 512|app: 0|req: 3/5] 172.17.0.1 () {48 vars in 2417 bytes} [Sat May 15 06:45:00 2021] GET / => generated 2127 bytes in 10 msecs (HTTP/1.1 200) 5 headers in 167 bytes (1 switches on core 0)
SIGINT/SIGQUIT received...killing workers...
gateway "uWSGI http 1" has been buried (pid: 513)
worker 1 buried after 1 seconds
goodbye to uWSGI.
VACUUM: pidfile removed.
*** Starting uWSGI 2.0.19.1 (64bit) on [Sat May 15 06:47:28 2021] ***
compiled with version: 7.5.0 on 14 May 2021 13:14:02
os: Linux-4.4.0-1128-aws #142-Ubuntu SMP Fri Apr 16 12:42:33 UTC 2021
nodename: goorm
machine: x86_64
clock source: unix
pcre jit disabled
detected number of CPU cores: 2
current working directory: /workspace/SugarContentCheck
writing pidfile to /workspace/SugarContentCheck/tmp/scc.pid
detected binary path: /workspace/SugarContentCheck/venv/bin/uwsgi
*** WARNING: you are running uWSGI as root !!! (use the --uid flag) *** 
chdir() to /workspace/SugarContentCheck/
your memory page size is 4096 bytes
detected max file descriptor number: 1024
building mime-types dictionary from file /etc/mime.types...554 entry found
lock engine: pthread robust mutexes
thunder lock: disabled (you can enable it with --thunder-lock)
uWSGI http bound on :8000 fd 4
uwsgi socket 0 bound to TCP address 127.0.0.1:33236 (port auto-assigned) fd 3
*** WARNING: you are running uWSGI as root !!! (use the --uid flag) *** 
Python version: 3.7.4 (default, Nov  4 2020, 10:17:35)  [GCC 7.4.0]
PEP 405 virtualenv detected: /workspace/SugarContentCheck/venv/
Set PythonHome to /workspace/SugarContentCheck/venv/
Python main interpreter initialized at 0x5565069eb6a0
*** WARNING: you are running uWSGI as root !!! (use the --uid flag) *** 
python threads support enabled
your server socket listen backlog is limited to 100 connections
your mercy for graceful operations on workers is 60 seconds
mapped 145840 bytes (142 KB) for 1 cores
*** Operational MODE: single process ***
WSGI app 0 (mountpoint='') ready in 1 seconds on interpreter 0x5565069eb6a0 pid: 764 (default app)
*** WARNING: you are running uWSGI as root !!! (use the --uid flag) *** 
spawned uWSGI master process (pid: 764)
spawned uWSGI worker 1 (pid: 767, cores: 1)
spawned uWSGI http 1 (pid: 768)
subprocess 765 exited with code 0
[pid: 767|app: 0|req: 1/1] 172.17.0.1 () {48 vars in 2417 bytes} [Sat May 15 06:47:32 2021] GET / => generated 2127 bytes in 37 msecs (HTTP/1.1 200) 5 headers in 167 bytes (1 switches on core 0)
SIGINT/SIGQUIT received...killing workers...
gateway "uWSGI http 1" has been buried (pid: 768)
worker 1 buried after 1 seconds
goodbye to uWSGI.
VACUUM: pidfile removed.
*** Starting uWSGI 2.0.19.1 (64bit) on [Sat May 15 07:15:22 2021] ***
compiled with version: 7.5.0 on 14 May 2021 13:14:02
os: Linux-4.4.0-1128-aws #142-Ubuntu SMP Fri Apr 16 12:42:33 UTC 2021
nodename: goorm
machine: x86_64
clock source: unix
pcre jit disabled
detected number of CPU cores: 2
current working directory: /workspace/SugarContentCheck
writing pidfile to /workspace/SugarContentCheck/tmp/scc.pid
detected binary path: /workspace/SugarContentCheck/venv/bin/uwsgi
*** WARNING: you are running uWSGI as root !!! (use the --uid flag) *** 
chdir() to /workspace/SugarContentCheck/
your memory page size is 4096 bytes
detected max file descriptor number: 1024
building mime-types dictionary from file /etc/mime.types...554 entry found
lock engine: pthread robust mutexes
thunder lock: disabled (you can enable it with --thunder-lock)
uWSGI http bound on :8000 fd 4
uwsgi socket 0 bound to TCP address 127.0.0.1:33701 (port auto-assigned) fd 3
*** WARNING: you are running uWSGI as root !!! (use the --uid flag) *** 
Python version: 3.7.4 (default, Nov  4 2020, 10:17:35)  [GCC 7.4.0]
PEP 405 virtualenv detected: /workspace/SugarContentCheck/venv/
Set PythonHome to /workspace/SugarContentCheck/venv/
Python main interpreter initialized at 0x556a2691e6a0
*** WARNING: you are running uWSGI as root !!! (use the --uid flag) *** 
python threads support enabled
your server socket listen backlog is limited to 100 connections
your mercy for graceful operations on workers is 60 seconds
mapped 145840 bytes (142 KB) for 1 cores
*** Operational MODE: single process ***
WSGI app 0 (mountpoint='') ready in 1 seconds on interpreter 0x556a2691e6a0 pid: 1601 (default app)
*** WARNING: you are running uWSGI as root !!! (use the --uid flag) *** 
spawned uWSGI master process (pid: 1601)
spawned uWSGI worker 1 (pid: 1604, cores: 1)
spawned uWSGI http 1 (pid: 1605)
subprocess 1602 exited with code 0
[pid: 1604|app: 0|req: 1/1] 172.17.0.1 () {48 vars in 2442 bytes} [Sat May 15 07:15:24 2021] GET / => generated 2127 bytes in 65 msecs (HTTP/1.1 200) 5 headers in 167 bytes (1 switches on core 0)
[pid: 1604|app: 0|req: 2/2] 172.17.0.1 () {48 vars in 2489 bytes} [Sat May 15 07:15:27 2021] GET /form/ => generated 8114 bytes in 38 msecs (HTTP/1.1 200) 7 headers in 349 bytes (1 switches on core 0)
[pid: 1604|app: -1|req: -1/3] 172.17.0.1 () {44 vars in 2439 bytes} [Sat May 15 07:15:28 2021] GET /static/css/form3.css => generated 1654 bytes in 8 msecs via sendfile() (HTTP/1.1 200) 3 headers in 111 bytes (0 switches on core 0)
[pid: 1604|app: -1|req: -1/4] 172.17.0.1 () {44 vars in 2420 bytes} [Sat May 15 07:15:28 2021] GET /static/js/form2.js => generated 1512 bytes in 0 msecs via sendfile() (HTTP/1.1 200) 3 headers in 125 bytes (0 switches on core 0)
[pid: 1604|app: 0|req: 3/5] 172.17.0.1 () {46 vars in 2540 bytes} [Sat May 15 07:15:31 2021] GET /form/ => generated 8114 bytes in 12 msecs (HTTP/1.1 200) 7 headers in 349 bytes (1 switches on core 0)
[pid: 1604|app: 0|req: 4/6] 172.17.0.1 () {56 vars in 2735 bytes} [Sat May 15 07:15:40 2021] POST /submit/ => generated 0 bytes in 61 msecs (HTTP/1.1 302) 6 headers in 189 bytes (1 switches on core 0)
[pid: 1604|app: 0|req: 5/7] 172.17.0.1 () {50 vars in 2609 bytes} [Sat May 15 07:15:40 2021] GET /result/83 => generated 2120 bytes in 70 msecs (HTTP/1.1 200) 5 headers in 167 bytes (1 switches on core 0)
[pid: 1604|app: 0|req: 6/8] 172.17.0.1 () {50 vars in 2563 bytes} [Sat May 15 07:17:14 2021] GET /result/83 => generated 2120 bytes in 14 msecs (HTTP/1.1 200) 5 headers in 167 bytes (1 switches on core 0)
[pid: 1604|app: 0|req: 7/9] 172.17.0.1 () {50 vars in 2563 bytes} [Sat May 15 07:17:15 2021] GET /result/83 => generated 2120 bytes in 102 msecs (HTTP/1.1 200) 5 headers in 167 bytes (1 switches on core 0)
[pid: 1604|app: 0|req: 8/10] 172.17.0.1 () {50 vars in 2563 bytes} [Sat May 15 07:17:19 2021] GET /result/83 => generated 2120 bytes in 16 msecs (HTTP/1.1 200) 5 headers in 167 bytes (1 switches on core 0)
[pid: 1604|app: 0|req: 9/11] 172.17.0.1 () {52 vars in 2585 bytes} [Sat May 15 07:17:23 2021] GET /result/83 => generated 2120 bytes in 45 msecs (HTTP/1.1 200) 5 headers in 167 bytes (1 switches on core 0)
[pid: 1604|app: -1|req: -1/12] 172.17.0.1 () {48 vars in 2452 bytes} [Sat May 15 07:17:23 2021] GET /static/css/style1.css => generated 2696 bytes in 0 msecs via sendfile() (HTTP/1.1 200) 3 headers in 111 bytes (0 switches on core 0)
[pid: 1604|app: -1|req: -1/13] 172.17.0.1 () {48 vars in 2450 bytes} [Sat May 15 07:17:23 2021] GET /static/css/reset.css => generated 990 bytes in 1 msecs via sendfile() (HTTP/1.1 200) 3 headers in 110 bytes (0 switches on core 0)
Not Found: /favicon.ico
[pid: 1604|app: 0|req: 10/14] 172.17.0.1 () {48 vars in 2453 bytes} [Sat May 15 07:17:23 2021] GET /favicon.ico => generated 2814 bytes in 24 msecs (HTTP/1.1 404) 5 headers in 159 bytes (1 switches on core 0)
SIGINT/SIGQUIT received...killing workers...
gateway "uWSGI http 1" has been buried (pid: 1605)
worker 1 buried after 1 seconds
goodbye to uWSGI.
VACUUM: pidfile removed.
*** Starting uWSGI 2.0.19.1 (64bit) on [Sat May 15 07:17:38 2021] ***
compiled with version: 7.5.0 on 14 May 2021 13:14:02
os: Linux-4.4.0-1128-aws #142-Ubuntu SMP Fri Apr 16 12:42:33 UTC 2021
nodename: goorm
machine: x86_64
clock source: unix
pcre jit disabled
detected number of CPU cores: 2
current working directory: /workspace/SugarContentCheck
writing pidfile to /workspace/SugarContentCheck/tmp/scc.pid
detected binary path: /workspace/SugarContentCheck/venv/bin/uwsgi
*** WARNING: you are running uWSGI as root !!! (use the --uid flag) *** 
chdir() to /workspace/SugarContentCheck/
your memory page size is 4096 bytes
detected max file descriptor number: 1024
building mime-types dictionary from file /etc/mime.types...554 entry found
lock engine: pthread robust mutexes
thunder lock: disabled (you can enable it with --thunder-lock)
uWSGI http bound on :8000 fd 4
uwsgi socket 0 bound to TCP address 127.0.0.1:33441 (port auto-assigned) fd 3
*** WARNING: you are running uWSGI as root !!! (use the --uid flag) *** 
Python version: 3.7.4 (default, Nov  4 2020, 10:17:35)  [GCC 7.4.0]
PEP 405 virtualenv detected: /workspace/SugarContentCheck/venv/
Set PythonHome to /workspace/SugarContentCheck/venv/
Python main interpreter initialized at 0x55b20b33e6a0
*** WARNING: you are running uWSGI as root !!! (use the --uid flag) *** 
python threads support enabled
your server socket listen backlog is limited to 100 connections
your mercy for graceful operations on workers is 60 seconds
mapped 145840 bytes (142 KB) for 1 cores
*** Operational MODE: single process ***
WSGI app 0 (mountpoint='') ready in 0 seconds on interpreter 0x55b20b33e6a0 pid: 1632 (default app)
*** WARNING: you are running uWSGI as root !!! (use the --uid flag) *** 
spawned uWSGI master process (pid: 1632)
spawned uWSGI worker 1 (pid: 1635, cores: 1)
spawned uWSGI http 1 (pid: 1636)
subprocess 1633 exited with code 0
[pid: 1635|app: 0|req: 1/1] 172.17.0.1 () {50 vars in 2586 bytes} [Sat May 15 07:17:46 2021] GET /result/83 => generated 3350 bytes in 57 msecs (HTTP/1.1 200) 5 headers in 167 bytes (1 switches on core 0)
[pid: 1635|app: -1|req: -1/2] 172.17.0.1 () {44 vars in 2422 bytes} [Sat May 15 07:17:46 2021] GET /static/css/result.css => generated 4317 bytes in 0 msecs via sendfile() (HTTP/1.1 200) 3 headers in 111 bytes (0 switches on core 0)
[pid: 1635|app: -1|req: -1/3] 172.17.0.1 () {44 vars in 2441 bytes} [Sat May 15 07:17:46 2021] GET /static/img/front.png => generated 93698 bytes in 1 msecs via sendfile() (HTTP/1.1 200) 3 headers in 113 bytes (0 switches on core 0)
[pid: 1635|app: -1|req: -1/4] 172.17.0.1 () {44 vars in 2403 bytes} [Sat May 15 07:17:46 2021] GET /static/js/result.js => generated 2177 bytes in 0 msecs via sendfile() (HTTP/1.1 200) 3 headers in 125 bytes (0 switches on core 0)
[pid: 1635|app: 0|req: 2/5] 172.17.0.1 () {48 vars in 2548 bytes} [Sat May 15 07:18:02 2021] GET /form => generated 0 bytes in 1 msecs (HTTP/1.1 301) 5 headers in 174 bytes (1 switches on core 0)
[pid: 1635|app: 0|req: 3/6] 172.17.0.1 () {48 vars in 2550 bytes} [Sat May 15 07:18:02 2021] GET /form/ => generated 8114 bytes in 26 msecs (HTTP/1.1 200) 7 headers in 349 bytes (1 switches on core 0)
[pid: 1635|app: 0|req: 4/7] 172.17.0.1 () {56 vars in 2712 bytes} [Sat May 15 07:18:17 2021] POST /submit/ => generated 0 bytes in 37 msecs (HTTP/1.1 302) 6 headers in 189 bytes (1 switches on core 0)
[pid: 1635|app: 0|req: 5/8] 172.17.0.1 () {50 vars in 2586 bytes} [Sat May 15 07:18:17 2021] GET /result/84 => generated 3364 bytes in 55 msecs (HTTP/1.1 200) 5 headers in 167 bytes (1 switches on core 0)
[pid: 1635|app: 0|req: 6/9] 172.17.0.1 () {48 vars in 2527 bytes} [Sat May 15 07:18:45 2021] GET /form/ => generated 8114 bytes in 26 msecs (HTTP/1.1 200) 7 headers in 349 bytes (1 switches on core 0)
[pid: 1635|app: 0|req: 7/10] 172.17.0.1 () {56 vars in 2689 bytes} [Sat May 15 07:18:56 2021] POST /submit/ => generated 0 bytes in 22 msecs (HTTP/1.1 302) 6 headers in 189 bytes (1 switches on core 0)
[pid: 1635|app: 0|req: 8/11] 172.17.0.1 () {50 vars in 2563 bytes} [Sat May 15 07:18:56 2021] GET /result/85 => generated 3360 bytes in 13 msecs (HTTP/1.1 200) 5 headers in 167 bytes (1 switches on core 0)
[pid: 1635|app: 0|req: 9/12] 172.17.0.1 () {46 vars in 2459 bytes} [Sat May 15 07:19:18 2021] GET /result/69 => generated 3351 bytes in 18 msecs (HTTP/1.1 200) 5 headers in 167 bytes (1 switches on core 0)
[pid: 1635|app: 0|req: 10/13] 172.17.0.1 () {46 vars in 2459 bytes} [Sat May 15 07:19:26 2021] GET /result/40 => generated 3351 bytes in 36 msecs (HTTP/1.1 200) 5 headers in 167 bytes (1 switches on core 0)
[pid: 1635|app: 0|req: 11/14] 172.17.0.1 () {48 vars in 2489 bytes} [Sat May 15 07:27:52 2021] GET /result/40 => generated 3347 bytes in 17 msecs (HTTP/1.1 200) 5 headers in 167 bytes (1 switches on core 0)
[pid: 1635|app: 0|req: 12/15] 172.17.0.1 () {48 vars in 2489 bytes} [Sat May 15 07:27:54 2021] GET /result/40 => generated 3347 bytes in 19 msecs (HTTP/1.1 200) 5 headers in 167 bytes (1 switches on core 0)
[pid: 1635|app: 0|req: 13/16] 172.17.0.1 () {48 vars in 2517 bytes} [Sat May 15 07:27:55 2021] GET / => generated 2127 bytes in 7 msecs (HTTP/1.1 200) 5 headers in 167 bytes (1 switches on core 0)
SIGINT/SIGQUIT received...killing workers...
gateway "uWSGI http 1" has been buried (pid: 1636)
worker 1 buried after 1 seconds
goodbye to uWSGI.
VACUUM: pidfile removed.
*** Starting uWSGI 2.0.19.1 (64bit) on [Sat May 15 07:28:07 2021] ***
compiled with version: 7.5.0 on 14 May 2021 13:14:02
os: Linux-4.4.0-1128-aws #142-Ubuntu SMP Fri Apr 16 12:42:33 UTC 2021
nodename: goorm
machine: x86_64
clock source: unix
pcre jit disabled
detected number of CPU cores: 2
current working directory: /workspace/SugarContentCheck
writing pidfile to /workspace/SugarContentCheck/tmp/scc.pid
detected binary path: /workspace/SugarContentCheck/venv/bin/uwsgi
*** WARNING: you are running uWSGI as root !!! (use the --uid flag) *** 
chdir() to /workspace/SugarContentCheck/
your memory page size is 4096 bytes
detected max file descriptor number: 1024
building mime-types dictionary from file /etc/mime.types...554 entry found
lock engine: pthread robust mutexes
thunder lock: disabled (you can enable it with --thunder-lock)
uWSGI http bound on :8000 fd 4
uwsgi socket 0 bound to TCP address 127.0.0.1:45745 (port auto-assigned) fd 3
*** WARNING: you are running uWSGI as root !!! (use the --uid flag) *** 
Python version: 3.7.4 (default, Nov  4 2020, 10:17:35)  [GCC 7.4.0]
PEP 405 virtualenv detected: /workspace/SugarContentCheck/venv/
Set PythonHome to /workspace/SugarContentCheck/venv/
Python main interpreter initialized at 0x560da53da6a0
*** WARNING: you are running uWSGI as root !!! (use the --uid flag) *** 
python threads support enabled
your server socket listen backlog is limited to 100 connections
your mercy for graceful operations on workers is 60 seconds
mapped 145840 bytes (142 KB) for 1 cores
*** Operational MODE: single process ***
WSGI app 0 (mountpoint='') ready in 2 seconds on interpreter 0x560da53da6a0 pid: 1688 (default app)
*** WARNING: you are running uWSGI as root !!! (use the --uid flag) *** 
spawned uWSGI master process (pid: 1688)
spawned uWSGI worker 1 (pid: 1691, cores: 1)
spawned uWSGI http 1 (pid: 1692)
subprocess 1689 exited with code 0
[pid: 1691|app: 0|req: 1/1] 172.17.0.1 () {50 vars in 2570 bytes} [Sat May 15 07:28:09 2021] GET / => generated 2127 bytes in 241 msecs (HTTP/1.1 200) 5 headers in 167 bytes (1 switches on core 0)
[pid: 1691|app: 0|req: 2/2] 172.17.0.1 () {48 vars in 2540 bytes} [Sat May 15 07:28:10 2021] GET /form/ => generated 8114 bytes in 95 msecs (HTTP/1.1 200) 7 headers in 349 bytes (1 switches on core 0)
[pid: 1691|app: 0|req: 3/3] 172.17.0.1 () {56 vars in 2711 bytes} [Sat May 15 07:28:28 2021] POST /submit/ => generated 0 bytes in 40 msecs (HTTP/1.1 302) 6 headers in 189 bytes (1 switches on core 0)
[pid: 1691|app: 0|req: 4/4] 172.17.0.1 () {50 vars in 2585 bytes} [Sat May 15 07:28:28 2021] GET /result/86 => generated 3361 bytes in 68 msecs (HTTP/1.1 200) 5 headers in 167 bytes (1 switches on core 0)
[pid: 1691|app: 0|req: 5/5] 172.17.0.1 () {50 vars in 2561 bytes} [Sat May 15 07:29:10 2021] GET /result/86 => generated 3361 bytes in 16 msecs (HTTP/1.1 200) 5 headers in 167 bytes (1 switches on core 0)
[pid: 1691|app: 0|req: 6/6] 172.17.0.1 () {50 vars in 2562 bytes} [Sat May 15 07:29:12 2021] GET /result/86 => generated 3361 bytes in 15 msecs (HTTP/1.1 200) 5 headers in 167 bytes (1 switches on core 0)
[pid: 1691|app: 0|req: 7/7] 172.17.0.1 () {50 vars in 2562 bytes} [Sat May 15 07:29:12 2021] GET /result/86 => generated 3361 bytes in 16 msecs (HTTP/1.1 200) 5 headers in 167 bytes (1 switches on core 0)
[pid: 1691|app: 0|req: 8/8] 172.17.0.1 () {50 vars in 2562 bytes} [Sat May 15 07:29:12 2021] GET /result/86 => generated 3361 bytes in 23 msecs (HTTP/1.1 200) 5 headers in 167 bytes (1 switches on core 0)
[pid: 1691|app: 0|req: 9/9] 172.17.0.1 () {50 vars in 2562 bytes} [Sat May 15 07:33:00 2021] GET /result/86 => generated 3361 bytes in 16 msecs (HTTP/1.1 200) 5 headers in 167 bytes (1 switches on core 0)
[pid: 1691|app: 0|req: 10/10] 172.17.0.1 () {50 vars in 2562 bytes} [Sat May 15 07:33:01 2021] GET /result/86 => generated 3361 bytes in 48 msecs (HTTP/1.1 200) 5 headers in 167 bytes (1 switches on core 0)
[pid: 1691|app: 0|req: 11/11] 172.17.0.1 () {50 vars in 2561 bytes} [Sat May 15 07:33:26 2021] GET /result/86 => generated 3361 bytes in 52 msecs (HTTP/1.1 200) 5 headers in 167 bytes (1 switches on core 0)
[pid: 1691|app: 0|req: 12/12] 172.17.0.1 () {50 vars in 2561 bytes} [Sat May 15 07:33:29 2021] GET /result/86 => generated 3361 bytes in 25 msecs (HTTP/1.1 200) 5 headers in 167 bytes (1 switches on core 0)
[pid: 1691|app: 0|req: 13/13] 172.17.0.1 () {52 vars in 2584 bytes} [Sat May 15 07:33:34 2021] GET /result/86 => generated 3361 bytes in 56 msecs (HTTP/1.1 200) 5 headers in 167 bytes (1 switches on core 0)
[pid: 1691|app: -1|req: -1/14] 172.17.0.1 () {48 vars in 2449 bytes} [Sat May 15 07:33:34 2021] GET /static/css/reset.css => generated 990 bytes in 1 msecs via sendfile() (HTTP/1.1 200) 3 headers in 110 bytes (0 switches on core 0)
[pid: 1691|app: -1|req: -1/15] 172.17.0.1 () {48 vars in 2451 bytes} [Sat May 15 07:33:34 2021] GET /static/css/result.css => generated 4317 bytes in 0 msecs via sendfile() (HTTP/1.1 200) 3 headers in 111 bytes (0 switches on core 0)
[pid: 1691|app: -1|req: -1/16] 172.17.0.1 () {48 vars in 2432 bytes} [Sat May 15 07:33:34 2021] GET /static/js/result.js => generated 2177 bytes in 0 msecs via sendfile() (HTTP/1.1 200) 3 headers in 125 bytes (0 switches on core 0)
[pid: 1691|app: -1|req: -1/17] 172.17.0.1 () {48 vars in 2470 bytes} [Sat May 15 07:33:34 2021] GET /static/img/front.png => generated 93698 bytes in 0 msecs via sendfile() (HTTP/1.1 200) 3 headers in 113 bytes (0 switches on core 0)
Not Found: /favicon.ico
[pid: 1691|app: 0|req: 14/18] 172.17.0.1 () {48 vars in 2452 bytes} [Sat May 15 07:33:35 2021] GET /favicon.ico => generated 2814 bytes in 20 msecs (HTTP/1.1 404) 5 headers in 159 bytes (1 switches on core 0)
[pid: 1691|app: 0|req: 15/19] 172.17.0.1 () {52 vars in 2584 bytes} [Sat May 15 07:33:38 2021] GET /result/86 => generated 3361 bytes in 15 msecs (HTTP/1.1 200) 5 headers in 167 bytes (1 switches on core 0)
[pid: 1691|app: -1|req: -1/20] 172.17.0.1 () {48 vars in 2432 bytes} [Sat May 15 07:33:38 2021] GET /static/js/result.js => generated 2177 bytes in 0 msecs via sendfile() (HTTP/1.1 200) 3 headers in 125 bytes (0 switches on core 0)
[pid: 1691|app: -1|req: -1/21] 172.17.0.1 () {48 vars in 2470 bytes} [Sat May 15 07:33:38 2021] GET /static/img/front.png => generated 93698 bytes in 0 msecs via sendfile() (HTTP/1.1 200) 3 headers in 113 bytes (0 switches on core 0)
[pid: 1691|app: -1|req: -1/22] 172.17.0.1 () {48 vars in 2451 bytes} [Sat May 15 07:33:38 2021] GET /static/css/result.css => generated 4317 bytes in 0 msecs via sendfile() (HTTP/1.1 200) 3 headers in 111 bytes (0 switches on core 0)
[pid: 1691|app: -1|req: -1/23] 172.17.0.1 () {48 vars in 2449 bytes} [Sat May 15 07:33:38 2021] GET /static/css/reset.css => generated 990 bytes in 0 msecs via sendfile() (HTTP/1.1 200) 3 headers in 110 bytes (0 switches on core 0)
Not Found: /favicon.ico
[pid: 1691|app: 0|req: 16/24] 172.17.0.1 () {48 vars in 2452 bytes} [Sat May 15 07:33:38 2021] GET /favicon.ico => generated 2814 bytes in 12 msecs (HTTP/1.1 404) 5 headers in 159 bytes (1 switches on core 0)
SIGINT/SIGQUIT received...killing workers...
gateway "uWSGI http 1" has been buried (pid: 1692)
worker 1 buried after 1 seconds
goodbye to uWSGI.
VACUUM: pidfile removed.
*** Starting uWSGI 2.0.19.1 (64bit) on [Sat May 15 07:33:54 2021] ***
compiled with version: 7.5.0 on 14 May 2021 13:14:02
os: Linux-4.4.0-1128-aws #142-Ubuntu SMP Fri Apr 16 12:42:33 UTC 2021
nodename: goorm
machine: x86_64
clock source: unix
pcre jit disabled
detected number of CPU cores: 2
current working directory: /workspace/SugarContentCheck
writing pidfile to /workspace/SugarContentCheck/tmp/scc.pid
detected binary path: /workspace/SugarContentCheck/venv/bin/uwsgi
*** WARNING: you are running uWSGI as root !!! (use the --uid flag) *** 
chdir() to /workspace/SugarContentCheck/
your memory page size is 4096 bytes
detected max file descriptor number: 1024
building mime-types dictionary from file /etc/mime.types...554 entry found
lock engine: pthread robust mutexes
thunder lock: disabled (you can enable it with --thunder-lock)
uWSGI http bound on :8000 fd 4
uwsgi socket 0 bound to TCP address 127.0.0.1:45191 (port auto-assigned) fd 3
*** WARNING: you are running uWSGI as root !!! (use the --uid flag) *** 
Python version: 3.7.4 (default, Nov  4 2020, 10:17:35)  [GCC 7.4.0]
PEP 405 virtualenv detected: /workspace/SugarContentCheck/venv/
Set PythonHome to /workspace/SugarContentCheck/venv/
Python main interpreter initialized at 0x5583c55da6a0
*** WARNING: you are running uWSGI as root !!! (use the --uid flag) *** 
python threads support enabled
your server socket listen backlog is limited to 100 connections
your mercy for graceful operations on workers is 60 seconds
mapped 145840 bytes (142 KB) for 1 cores
*** Operational MODE: single process ***
WSGI app 0 (mountpoint='') ready in 1 seconds on interpreter 0x5583c55da6a0 pid: 1749 (default app)
*** WARNING: you are running uWSGI as root !!! (use the --uid flag) *** 
spawned uWSGI master process (pid: 1749)
spawned uWSGI worker 1 (pid: 1752, cores: 1)
spawned uWSGI http 1 (pid: 1753)
subprocess 1750 exited with code 0
[pid: 1752|app: 0|req: 1/1] 172.17.0.1 () {50 vars in 2585 bytes} [Sat May 15 07:33:55 2021] GET /result/86 => generated 3349 bytes in 254 msecs (HTTP/1.1 200) 5 headers in 167 bytes (1 switches on core 0)
[pid: 1752|app: 0|req: 2/2] 172.17.0.1 () {50 vars in 2585 bytes} [Sat May 15 07:33:59 2021] GET /result/86 => generated 3349 bytes in 25 msecs (HTTP/1.1 200) 5 headers in 167 bytes (1 switches on core 0)
[pid: 1752|app: 0|req: 3/3] 172.17.0.1 () {48 vars in 2540 bytes} [Sat May 15 07:34:12 2021] GET / => generated 2127 bytes in 21 msecs (HTTP/1.1 200) 5 headers in 167 bytes (1 switches on core 0)
[pid: 1752|app: -1|req: -1/4] 172.17.0.1 () {44 vars in 2412 bytes} [Sat May 15 07:34:12 2021] GET /static/css/style1.css => generated 2696 bytes in 0 msecs via sendfile() (HTTP/1.1 200) 3 headers in 111 bytes (0 switches on core 0)
Internal Server Error: /
Traceback (most recent call last):
  File "/workspace/SugarContentCheck/venv/lib/python3.7/site-packages/django/core/handlers/exception.py", line 47, in inner
    response = get_response(request)
  File "/workspace/SugarContentCheck/venv/lib/python3.7/site-packages/django/core/handlers/base.py", line 181, in _get_response
    response = wrapped_callback(request, *callback_args, **callback_kwargs)
  File "./main/views.py", line 20, in index
    return render(request, 'main/index.html', context)
  File "/workspace/SugarContentCheck/venv/lib/python3.7/site-packages/django/shortcuts.py", line 19, in render
    content = loader.render_to_string(template_name, context, request, using=using)
  File "/workspace/SugarContentCheck/venv/lib/python3.7/site-packages/django/template/loader.py", line 61, in render_to_string
    template = get_template(template_name, using=using)
  File "/workspace/SugarContentCheck/venv/lib/python3.7/site-packages/django/template/loader.py", line 19, in get_template
    raise TemplateDoesNotExist(template_name, chain=chain)
django.template.exceptions.TemplateDoesNotExist: index.html
[pid: 1752|app: 0|req: 4/5] 172.17.0.1 () {50 vars in 2572 bytes} [Sat May 15 07:55:17 2021] GET / => generated 75439 bytes in 125 msecs (HTTP/1.1 500) 6 headers in 186 bytes (1 switches on core 0)
SIGINT/SIGQUIT received...killing workers...
gateway "uWSGI http 1" has been buried (pid: 1753)
worker 1 buried after 1 seconds
goodbye to uWSGI.
VACUUM: pidfile removed.
*** Starting uWSGI 2.0.19.1 (64bit) on [Sat May 15 07:57:11 2021] ***
compiled with version: 7.5.0 on 14 May 2021 13:14:02
os: Linux-4.4.0-1128-aws #142-Ubuntu SMP Fri Apr 16 12:42:33 UTC 2021
nodename: goorm
machine: x86_64
clock source: unix
pcre jit disabled
detected number of CPU cores: 2
current working directory: /workspace/SugarContentCheck
writing pidfile to /workspace/SugarContentCheck/tmp/scc.pid
detected binary path: /workspace/SugarContentCheck/venv/bin/uwsgi
*** WARNING: you are running uWSGI as root !!! (use the --uid flag) *** 
chdir() to /workspace/SugarContentCheck/
your memory page size is 4096 bytes
detected max file descriptor number: 1024
building mime-types dictionary from file /etc/mime.types...554 entry found
lock engine: pthread robust mutexes
thunder lock: disabled (you can enable it with --thunder-lock)
uWSGI http bound on :8000 fd 4
uwsgi socket 0 bound to TCP address 127.0.0.1:39618 (port auto-assigned) fd 3
*** WARNING: you are running uWSGI as root !!! (use the --uid flag) *** 
Python version: 3.7.4 (default, Nov  4 2020, 10:17:35)  [GCC 7.4.0]
PEP 405 virtualenv detected: /workspace/SugarContentCheck/venv/
Set PythonHome to /workspace/SugarContentCheck/venv/
Python main interpreter initialized at 0x564a394fa6a0
*** WARNING: you are running uWSGI as root !!! (use the --uid flag) *** 
python threads support enabled
your server socket listen backlog is limited to 100 connections
your mercy for graceful operations on workers is 60 seconds
mapped 145840 bytes (142 KB) for 1 cores
*** Operational MODE: single process ***
WSGI app 0 (mountpoint='') ready in 0 seconds on interpreter 0x564a394fa6a0 pid: 1828 (default app)
*** WARNING: you are running uWSGI as root !!! (use the --uid flag) *** 
spawned uWSGI master process (pid: 1828)
spawned uWSGI worker 1 (pid: 1831, cores: 1)
spawned uWSGI http 1 (pid: 1832)
subprocess 1829 exited with code 0
[pid: 1831|app: 0|req: 1/1] 172.17.0.1 () {50 vars in 2572 bytes} [Sat May 15 07:57:14 2021] GET / => generated 1988 bytes in 99 msecs (HTTP/1.1 200) 5 headers in 167 bytes (1 switches on core 0)
Not Found: /static/css/style.css
[pid: 1831|app: 0|req: 2/2] 172.17.0.1 () {44 vars in 2411 bytes} [Sat May 15 07:57:14 2021] GET /static/css/style.css => generated 2841 bytes in 10 msecs (HTTP/1.1 404) 5 headers in 159 bytes (1 switches on core 0)
[pid: 1831|app: 0|req: 3/3] 172.17.0.1 () {50 vars in 2572 bytes} [Sat May 15 07:57:15 2021] GET / => generated 1988 bytes in 16 msecs (HTTP/1.1 200) 5 headers in 167 bytes (1 switches on core 0)
Not Found: /static/css/style.css
[pid: 1831|app: 0|req: 4/4] 172.17.0.1 () {44 vars in 2411 bytes} [Sat May 15 07:57:15 2021] GET /static/css/style.css => generated 2841 bytes in 10 msecs (HTTP/1.1 404) 5 headers in 159 bytes (1 switches on core 0)
[pid: 1831|app: 0|req: 5/5] 172.17.0.1 () {50 vars in 2549 bytes} [Sat May 15 07:58:58 2021] GET / => generated 1988 bytes in 14 msecs (HTTP/1.1 200) 5 headers in 167 bytes (1 switches on core 0)
[pid: 1831|app: -1|req: -1/6] 172.17.0.1 () {44 vars in 2388 bytes} [Sat May 15 07:58:58 2021] GET /static/css/style.css => generated 2696 bytes in 0 msecs via sendfile() (HTTP/1.1 200) 3 headers in 111 bytes (0 switches on core 0)
[pid: 1831|app: 0|req: 6/7] 172.17.0.1 () {48 vars in 2519 bytes} [Sat May 15 08:01:01 2021] GET /form/ => generated 7863 bytes in 16 msecs (HTTP/1.1 200) 7 headers in 349 bytes (1 switches on core 0)
[pid: 1831|app: -1|req: -1/8] 172.17.0.1 () {44 vars in 2391 bytes} [Sat May 15 08:01:02 2021] GET /static/css/form.css => generated 1654 bytes in 0 msecs via sendfile() (HTTP/1.1 200) 3 headers in 111 bytes (0 switches on core 0)
Internal Server Error: /submit/
Traceback (most recent call last):
  File "/workspace/SugarContentCheck/venv/lib/python3.7/site-packages/django/utils/datastructures.py", line 76, in __getitem__
    list_ = super().__getitem__(key)
KeyError: 'question-2'

During handling of the above exception, another exception occurred:

Traceback (most recent call last):
  File "/workspace/SugarContentCheck/venv/lib/python3.7/site-packages/django/core/handlers/exception.py", line 47, in inner
    response = get_response(request)
  File "/workspace/SugarContentCheck/venv/lib/python3.7/site-packages/django/core/handlers/base.py", line 181, in _get_response
    response = wrapped_callback(request, *callback_args, **callback_kwargs)
  File "./main/views.py", line 48, in submit
    intensity = int(request.POST[f'question-{i}'])
  File "/workspace/SugarContentCheck/venv/lib/python3.7/site-packages/django/utils/datastructures.py", line 78, in __getitem__
    raise MultiValueDictKeyError(key)
django.utils.datastructures.MultiValueDictKeyError: 'question-2'
[pid: 1831|app: 0|req: 7/9] 172.17.0.1 () {56 vars in 2689 bytes} [Sat May 15 08:01:03 2021] POST /submit/ => generated 70035 bytes in 161 msecs (HTTP/1.1 500) 6 headers in 186 bytes (1 switches on core 0)
Internal Server Error: /submit/
Traceback (most recent call last):
  File "/workspace/SugarContentCheck/venv/lib/python3.7/site-packages/django/utils/datastructures.py", line 76, in __getitem__
    list_ = super().__getitem__(key)
KeyError: 'question-2'

During handling of the above exception, another exception occurred:

Traceback (most recent call last):
  File "/workspace/SugarContentCheck/venv/lib/python3.7/site-packages/django/core/handlers/exception.py", line 47, in inner
    response = get_response(request)
  File "/workspace/SugarContentCheck/venv/lib/python3.7/site-packages/django/core/handlers/base.py", line 181, in _get_response
    response = wrapped_callback(request, *callback_args, **callback_kwargs)
  File "./main/views.py", line 48, in submit
    intensity = int(request.POST[f'question-{i}'])
  File "/workspace/SugarContentCheck/venv/lib/python3.7/site-packages/django/utils/datastructures.py", line 78, in __getitem__
    raise MultiValueDictKeyError(key)
django.utils.datastructures.MultiValueDictKeyError: 'question-2'
[pid: 1831|app: 0|req: 8/10] 172.17.0.1 () {56 vars in 2689 bytes} [Sat May 15 08:03:01 2021] POST /submit/ => generated 70035 bytes in 115 msecs (HTTP/1.1 500) 6 headers in 186 bytes (1 switches on core 0)
[pid: 1831|app: 0|req: 9/11] 172.17.0.1 () {46 vars in 2441 bytes} [Sat May 15 08:03:05 2021] GET / => generated 1988 bytes in 7 msecs (HTTP/1.1 200) 5 headers in 167 bytes (1 switches on core 0)
[pid: 1831|app: -1|req: -1/12] 172.17.0.1 () {46 vars in 2443 bytes} [Sat May 15 08:03:06 2021] GET /static/css/style.css => generated 0 bytes in 0 msecs (HTTP/1.1 304) 0 headers in 29 bytes (0 switches on core 0)
[pid: 1831|app: 0|req: 10/13] 172.17.0.1 () {48 vars in 2519 bytes} [Sat May 15 08:03:07 2021] GET /form/ => generated 7863 bytes in 19 msecs (HTTP/1.1 200) 7 headers in 349 bytes (1 switches on core 0)
[pid: 1831|app: -1|req: -1/14] 172.17.0.1 () {46 vars in 2446 bytes} [Sat May 15 08:03:07 2021] GET /static/css/form.css => generated 0 bytes in 0 msecs (HTTP/1.1 304) 0 headers in 29 bytes (0 switches on core 0)
Internal Server Error: /submit/
Traceback (most recent call last):
  File "/workspace/SugarContentCheck/venv/lib/python3.7/site-packages/django/utils/datastructures.py", line 76, in __getitem__
    list_ = super().__getitem__(key)
KeyError: 'question-2'

During handling of the above exception, another exception occurred:

Traceback (most recent call last):
  File "/workspace/SugarContentCheck/venv/lib/python3.7/site-packages/django/core/handlers/exception.py", line 47, in inner
    response = get_response(request)
  File "/workspace/SugarContentCheck/venv/lib/python3.7/site-packages/django/core/handlers/base.py", line 181, in _get_response
    response = wrapped_callback(request, *callback_args, **callback_kwargs)
  File "./main/views.py", line 48, in submit
    intensity = int(request.POST[f'question-{i}'])
  File "/workspace/SugarContentCheck/venv/lib/python3.7/site-packages/django/utils/datastructures.py", line 78, in __getitem__
    raise MultiValueDictKeyError(key)
django.utils.datastructures.MultiValueDictKeyError: 'question-2'
[pid: 1831|app: 0|req: 11/15] 172.17.0.1 () {56 vars in 2689 bytes} [Sat May 15 08:03:09 2021] POST /submit/ => generated 70035 bytes in 154 msecs (HTTP/1.1 500) 6 headers in 186 bytes (1 switches on core 0)
[pid: 1831|app: 0|req: 12/16] 172.17.0.1 () {46 vars in 2456 bytes} [Sat May 15 08:05:27 2021] GET /result/2 => generated 3088 bytes in 58 msecs (HTTP/1.1 200) 5 headers in 167 bytes (1 switches on core 0)
SIGINT/SIGQUIT received...killing workers...
gateway "uWSGI http 1" has been buried (pid: 1832)
worker 1 buried after 1 seconds
goodbye to uWSGI.
VACUUM: pidfile removed.
*** Starting uWSGI 2.0.19.1 (64bit) on [Sat May 15 08:05:33 2021] ***
compiled with version: 7.5.0 on 14 May 2021 13:14:02
os: Linux-4.4.0-1128-aws #142-Ubuntu SMP Fri Apr 16 12:42:33 UTC 2021
nodename: goorm
machine: x86_64
clock source: unix
pcre jit disabled
detected number of CPU cores: 2
current working directory: /workspace/SugarContentCheck
writing pidfile to /workspace/SugarContentCheck/tmp/scc.pid
detected binary path: /workspace/SugarContentCheck/venv/bin/uwsgi
*** WARNING: you are running uWSGI as root !!! (use the --uid flag) *** 
chdir() to /workspace/SugarContentCheck/
your memory page size is 4096 bytes
detected max file descriptor number: 1024
building mime-types dictionary from file /etc/mime.types...554 entry found
lock engine: pthread robust mutexes
thunder lock: disabled (you can enable it with --thunder-lock)
uWSGI http bound on :8000 fd 4
uwsgi socket 0 bound to TCP address 127.0.0.1:43290 (port auto-assigned) fd 3
*** WARNING: you are running uWSGI as root !!! (use the --uid flag) *** 
Python version: 3.7.4 (default, Nov  4 2020, 10:17:35)  [GCC 7.4.0]
PEP 405 virtualenv detected: /workspace/SugarContentCheck/venv/
Set PythonHome to /workspace/SugarContentCheck/venv/
Python main interpreter initialized at 0x559b7c3186a0
*** WARNING: you are running uWSGI as root !!! (use the --uid flag) *** 
python threads support enabled
your server socket listen backlog is limited to 100 connections
your mercy for graceful operations on workers is 60 seconds
mapped 145840 bytes (142 KB) for 1 cores
*** Operational MODE: single process ***
WSGI app 0 (mountpoint='') ready in 0 seconds on interpreter 0x559b7c3186a0 pid: 1852 (default app)
*** WARNING: you are running uWSGI as root !!! (use the --uid flag) *** 
spawned uWSGI master process (pid: 1852)
spawned uWSGI worker 1 (pid: 1855, cores: 1)
spawned uWSGI http 1 (pid: 1856)
subprocess 1853 exited with code 0
Not Found: /r
[pid: 1855|app: 0|req: 1/1] 172.17.0.1 () {46 vars in 2442 bytes} [Sat May 15 08:05:37 2021] GET /r => generated 2784 bytes in 35 msecs (HTTP/1.1 404) 5 headers in 159 bytes (1 switches on core 0)
Not Found: /r
[pid: 1855|app: 0|req: 2/2] 172.17.0.1 () {48 vars in 2473 bytes} [Sat May 15 08:05:39 2021] GET /r => generated 2784 bytes in 19 msecs (HTTP/1.1 404) 5 headers in 159 bytes (1 switches on core 0)
[pid: 1855|app: 0|req: 3/3] 172.17.0.1 () {46 vars in 2440 bytes} [Sat May 15 08:05:41 2021] GET / => generated 1988 bytes in 55 msecs (HTTP/1.1 200) 5 headers in 167 bytes (1 switches on core 0)
[pid: 1855|app: -1|req: -1/4] 172.17.0.1 () {46 vars in 2442 bytes} [Sat May 15 08:05:42 2021] GET /static/css/style.css => generated 0 bytes in 0 msecs (HTTP/1.1 304) 0 headers in 29 bytes (0 switches on core 0)
[pid: 1855|app: 0|req: 4/5] 172.17.0.1 () {48 vars in 2518 bytes} [Sat May 15 08:05:43 2021] GET /form/ => generated 7863 bytes in 15 msecs (HTTP/1.1 200) 7 headers in 349 bytes (1 switches on core 0)
[pid: 1855|app: -1|req: -1/6] 172.17.0.1 () {46 vars in 2445 bytes} [Sat May 15 08:05:43 2021] GET /static/css/form.css => generated 0 bytes in 0 msecs (HTTP/1.1 304) 0 headers in 29 bytes (0 switches on core 0)
Internal Server Error: /submit/
Traceback (most recent call last):
  File "/workspace/SugarContentCheck/venv/lib/python3.7/site-packages/django/utils/datastructures.py", line 76, in __getitem__
    list_ = super().__getitem__(key)
KeyError: 'question-2'

During handling of the above exception, another exception occurred:

Traceback (most recent call last):
  File "/workspace/SugarContentCheck/venv/lib/python3.7/site-packages/django/core/handlers/exception.py", line 47, in inner
    response = get_response(request)
  File "/workspace/SugarContentCheck/venv/lib/python3.7/site-packages/django/core/handlers/base.py", line 181, in _get_response
    response = wrapped_callback(request, *callback_args, **callback_kwargs)
  File "./main/views.py", line 48, in submit
    intensity = int(request.POST[f'question-{i}'])
  File "/workspace/SugarContentCheck/venv/lib/python3.7/site-packages/django/utils/datastructures.py", line 78, in __getitem__
    raise MultiValueDictKeyError(key)
django.utils.datastructures.MultiValueDictKeyError: 'question-2'
[pid: 1855|app: 0|req: 5/7] 172.17.0.1 () {56 vars in 2688 bytes} [Sat May 15 08:05:44 2021] POST /submit/ => generated 70034 bytes in 76 msecs (HTTP/1.1 500) 6 headers in 186 bytes (1 switches on core 0)
*** Starting uWSGI 2.0.19.1 (64bit) on [Sat May 15 13:10:27 2021] ***
compiled with version: 7.5.0 on 14 May 2021 13:14:02
os: Linux-4.4.0-1128-aws #142-Ubuntu SMP Fri Apr 16 12:42:33 UTC 2021
nodename: goorm
machine: x86_64
clock source: unix
pcre jit disabled
detected number of CPU cores: 2
current working directory: /workspace/SugarContentCheck
writing pidfile to /workspace/SugarContentCheck/tmp/scc.pid
detected binary path: /workspace/SugarContentCheck/venv/bin/uwsgi
*** WARNING: you are running uWSGI as root !!! (use the --uid flag) *** 
chdir() to /workspace/SugarContentCheck/
your memory page size is 4096 bytes
detected max file descriptor number: 1024
building mime-types dictionary from file /etc/mime.types...554 entry found
lock engine: pthread robust mutexes
thunder lock: disabled (you can enable it with --thunder-lock)
uWSGI http bound on :8000 fd 4
uwsgi socket 0 bound to TCP address 127.0.0.1:44889 (port auto-assigned) fd 3
*** WARNING: you are running uWSGI as root !!! (use the --uid flag) *** 
Python version: 3.7.4 (default, Nov  4 2020, 10:17:35)  [GCC 7.4.0]
PEP 405 virtualenv detected: /workspace/SugarContentCheck/venv/
Set PythonHome to /workspace/SugarContentCheck/venv/
Python main interpreter initialized at 0x559a686a96a0
*** WARNING: you are running uWSGI as root !!! (use the --uid flag) *** 
python threads support enabled
your server socket listen backlog is limited to 100 connections
your mercy for graceful operations on workers is 60 seconds
mapped 145840 bytes (142 KB) for 1 cores
*** Operational MODE: single process ***
WSGI app 0 (mountpoint='') ready in 1 seconds on interpreter 0x559a686a96a0 pid: 459 (default app)
*** WARNING: you are running uWSGI as root !!! (use the --uid flag) *** 
spawned uWSGI master process (pid: 459)
spawned uWSGI worker 1 (pid: 463, cores: 1)
spawned uWSGI http 1 (pid: 464)
subprocess 460 exited with code 0
Internal Server Error: /submit/
Traceback (most recent call last):
  File "/workspace/SugarContentCheck/venv/lib/python3.7/site-packages/django/utils/datastructures.py", line 76, in __getitem__
    list_ = super().__getitem__(key)
KeyError: 'question-2'

During handling of the above exception, another exception occurred:

Traceback (most recent call last):
  File "/workspace/SugarContentCheck/venv/lib/python3.7/site-packages/django/core/handlers/exception.py", line 47, in inner
    response = get_response(request)
  File "/workspace/SugarContentCheck/venv/lib/python3.7/site-packages/django/core/handlers/base.py", line 181, in _get_response
    response = wrapped_callback(request, *callback_args, **callback_kwargs)
  File "./main/views.py", line 48, in submit
    intensity = int(request.POST[f'question-{i}'])
  File "/workspace/SugarContentCheck/venv/lib/python3.7/site-packages/django/utils/datastructures.py", line 78, in __getitem__
    raise MultiValueDictKeyError(key)
django.utils.datastructures.MultiValueDictKeyError: 'question-2'
[pid: 463|app: 0|req: 1/1] 172.17.0.1 () {56 vars in 2692 bytes} [Sat May 15 13:10:31 2021] POST /submit/ => generated 70042 bytes in 440 msecs (HTTP/1.1 500) 6 headers in 186 bytes (1 switches on core 0)
[pid: 463|app: 0|req: 2/2] 172.17.0.1 () {46 vars in 2443 bytes} [Sat May 15 13:10:37 2021] GET / => generated 1988 bytes in 174 msecs (HTTP/1.1 200) 5 headers in 167 bytes (1 switches on core 0)
[pid: 463|app: -1|req: -1/3] 172.17.0.1 () {46 vars in 2445 bytes} [Sat May 15 13:10:37 2021] GET /static/css/style.css => generated 0 bytes in 0 msecs (HTTP/1.1 304) 0 headers in 29 bytes (0 switches on core 0)
[pid: 463|app: 0|req: 3/4] 172.17.0.1 () {48 vars in 2522 bytes} [Sat May 15 13:10:38 2021] GET /form/ => generated 7863 bytes in 52 msecs (HTTP/1.1 200) 7 headers in 349 bytes (1 switches on core 0)
[pid: 463|app: -1|req: -1/5] 172.17.0.1 () {46 vars in 2449 bytes} [Sat May 15 13:10:38 2021] GET /static/css/form.css => generated 0 bytes in 0 msecs (HTTP/1.1 304) 0 headers in 29 bytes (0 switches on core 0)
Internal Server Error: /submit/
Traceback (most recent call last):
  File "/workspace/SugarContentCheck/venv/lib/python3.7/site-packages/django/utils/datastructures.py", line 76, in __getitem__
    list_ = super().__getitem__(key)
KeyError: 'question-2'

During handling of the above exception, another exception occurred:

Traceback (most recent call last):
  File "/workspace/SugarContentCheck/venv/lib/python3.7/site-packages/django/core/handlers/exception.py", line 47, in inner
    response = get_response(request)
  File "/workspace/SugarContentCheck/venv/lib/python3.7/site-packages/django/core/handlers/base.py", line 181, in _get_response
    response = wrapped_callback(request, *callback_args, **callback_kwargs)
  File "./main/views.py", line 48, in submit
    intensity = int(request.POST[f'question-{i}'])
  File "/workspace/SugarContentCheck/venv/lib/python3.7/site-packages/django/utils/datastructures.py", line 78, in __getitem__
    raise MultiValueDictKeyError(key)
django.utils.datastructures.MultiValueDictKeyError: 'question-2'
[pid: 463|app: 0|req: 4/6] 172.17.0.1 () {56 vars in 2692 bytes} [Sat May 15 13:10:42 2021] POST /submit/ => generated 70042 bytes in 486 msecs (HTTP/1.1 500) 6 headers in 186 bytes (1 switches on core 0)
[pid: 463|app: 0|req: 5/7] 172.17.0.1 () {50 vars in 2554 bytes} [Sat May 15 13:14:30 2021] GET /form/ => generated 7863 bytes in 15 msecs (HTTP/1.1 200) 7 headers in 349 bytes (1 switches on core 0)
[pid: 463|app: 0|req: 6/8] 172.17.0.1 () {50 vars in 2554 bytes} [Sat May 15 13:14:33 2021] GET /form/ => generated 7863 bytes in 14 msecs (HTTP/1.1 200) 7 headers in 349 bytes (1 switches on core 0)
Internal Server Error: /submit/
Traceback (most recent call last):
  File "/workspace/SugarContentCheck/venv/lib/python3.7/site-packages/django/utils/datastructures.py", line 76, in __getitem__
    list_ = super().__getitem__(key)
KeyError: 'question-1'

During handling of the above exception, another exception occurred:

Traceback (most recent call last):
  File "/workspace/SugarContentCheck/venv/lib/python3.7/site-packages/django/core/handlers/exception.py", line 47, in inner
    response = get_response(request)
  File "/workspace/SugarContentCheck/venv/lib/python3.7/site-packages/django/core/handlers/base.py", line 181, in _get_response
    response = wrapped_callback(request, *callback_args, **callback_kwargs)
  File "./main/views.py", line 48, in submit
    intensity = int(request.POST[f'question-{i}'])
  File "/workspace/SugarContentCheck/venv/lib/python3.7/site-packages/django/utils/datastructures.py", line 78, in __getitem__
    raise MultiValueDictKeyError(key)
django.utils.datastructures.MultiValueDictKeyError: 'question-1'
[pid: 463|app: 0|req: 7/9] 172.17.0.1 () {56 vars in 2693 bytes} [Sat May 15 13:14:34 2021] POST /submit/ => generated 69674 bytes in 62 msecs (HTTP/1.1 500) 6 headers in 186 bytes (1 switches on core 0)
[pid: 463|app: 0|req: 8/10] 172.17.0.1 () {50 vars in 2552 bytes} [Sat May 15 13:16:27 2021] GET /form/ => generated 8002 bytes in 17 msecs (HTTP/1.1 200) 7 headers in 349 bytes (1 switches on core 0)
[pid: 463|app: -1|req: -1/11] 172.17.0.1 () {44 vars in 2374 bytes} [Sat May 15 13:16:28 2021] GET /static/js/form.js => generated 1512 bytes in 1 msecs via sendfile() (HTTP/1.1 200) 3 headers in 125 bytes (0 switches on core 0)
[pid: 463|app: 0|req: 9/12] 172.17.0.1 () {56 vars in 2691 bytes} [Sat May 15 13:16:36 2021] POST /submit/ => generated 0 bytes in 18 msecs (HTTP/1.1 302) 6 headers in 189 bytes (1 switches on core 0)
[pid: 463|app: 0|req: 10/13] 172.17.0.1 () {50 vars in 2565 bytes} [Sat May 15 13:16:36 2021] GET /result/87 => generated 3088 bytes in 16 msecs (HTTP/1.1 200) 5 headers in 167 bytes (1 switches on core 0)
[pid: 463|app: 0|req: 11/14] 172.17.0.1 () {50 vars in 2553 bytes} [Sat May 15 13:20:31 2021] GET /form/ => generated 8046 bytes in 40 msecs (HTTP/1.1 200) 7 headers in 349 bytes (1 switches on core 0)
[pid: 463|app: 0|req: 12/15] 172.17.0.1 () {50 vars in 2576 bytes} [Sat May 15 13:21:09 2021] GET /form/ => generated 8046 bytes in 47 msecs (HTTP/1.1 200) 7 headers in 349 bytes (1 switches on core 0)
[pid: 463|app: 0|req: 13/16] 172.17.0.1 () {50 vars in 2576 bytes} [Sat May 15 13:21:19 2021] GET /form/ => generated 8046 bytes in 14 msecs (HTTP/1.1 200) 7 headers in 349 bytes (1 switches on core 0)
[pid: 463|app: 0|req: 14/17] 172.17.0.1 () {52 vars in 2598 bytes} [Sat May 15 13:21:24 2021] GET /form/ => generated 8046 bytes in 14 msecs (HTTP/1.1 200) 7 headers in 349 bytes (1 switches on core 0)
[pid: 463|app: -1|req: -1/18] 172.17.0.1 () {48 vars in 2472 bytes} [Sat May 15 13:21:24 2021] GET /static/css/reset.css => generated 990 bytes in 2 msecs via sendfile() (HTTP/1.1 200) 3 headers in 110 bytes (0 switches on core 0)
[pid: 463|app: -1|req: -1/19] 172.17.0.1 () {48 vars in 2451 bytes} [Sat May 15 13:21:24 2021] GET /static/js/form.js => generated 1512 bytes in 0 msecs via sendfile() (HTTP/1.1 200) 3 headers in 125 bytes (0 switches on core 0)
[pid: 463|app: -1|req: -1/20] 172.17.0.1 () {48 vars in 2470 bytes} [Sat May 15 13:21:24 2021] GET /static/css/form.css => generated 1909 bytes in 0 msecs via sendfile() (HTTP/1.1 200) 3 headers in 111 bytes (0 switches on core 0)
Not Found: /favicon.ico
[pid: 463|app: 0|req: 15/21] 172.17.0.1 () {48 vars in 2475 bytes} [Sat May 15 13:21:25 2021] GET /favicon.ico => generated 2814 bytes in 20 msecs (HTTP/1.1 404) 5 headers in 159 bytes (1 switches on core 0)
SIGINT/SIGQUIT received...killing workers...
gateway "uWSGI http 1" has been buried (pid: 464)
worker 1 buried after 1 seconds
goodbye to uWSGI.
VACUUM: pidfile removed.
*** Starting uWSGI 2.0.19.1 (64bit) on [Sat May 15 13:22:00 2021] ***
compiled with version: 7.5.0 on 14 May 2021 13:14:02
os: Linux-4.4.0-1128-aws #142-Ubuntu SMP Fri Apr 16 12:42:33 UTC 2021
nodename: goorm
machine: x86_64
clock source: unix
pcre jit disabled
detected number of CPU cores: 2
current working directory: /workspace/SugarContentCheck
writing pidfile to /workspace/SugarContentCheck/tmp/scc.pid
detected binary path: /workspace/SugarContentCheck/venv/bin/uwsgi
*** WARNING: you are running uWSGI as root !!! (use the --uid flag) *** 
chdir() to /workspace/SugarContentCheck/
your memory page size is 4096 bytes
detected max file descriptor number: 1024
building mime-types dictionary from file /etc/mime.types...554 entry found
lock engine: pthread robust mutexes
thunder lock: disabled (you can enable it with --thunder-lock)
uWSGI http bound on :8000 fd 4
uwsgi socket 0 bound to TCP address 127.0.0.1:44287 (port auto-assigned) fd 3
*** WARNING: you are running uWSGI as root !!! (use the --uid flag) *** 
Python version: 3.7.4 (default, Nov  4 2020, 10:17:35)  [GCC 7.4.0]
PEP 405 virtualenv detected: /workspace/SugarContentCheck/venv/
Set PythonHome to /workspace/SugarContentCheck/venv/
Python main interpreter initialized at 0x559b3500d6a0
*** WARNING: you are running uWSGI as root !!! (use the --uid flag) *** 
python threads support enabled
your server socket listen backlog is limited to 100 connections
your mercy for graceful operations on workers is 60 seconds
mapped 145840 bytes (142 KB) for 1 cores
*** Operational MODE: single process ***
WSGI app 0 (mountpoint='') ready in 1 seconds on interpreter 0x559b3500d6a0 pid: 853 (default app)
*** WARNING: you are running uWSGI as root !!! (use the --uid flag) *** 
spawned uWSGI master process (pid: 853)
spawned uWSGI worker 1 (pid: 856, cores: 1)
spawned uWSGI http 1 (pid: 857)
subprocess 854 exited with code 0
[pid: 856|app: 0|req: 1/1] 172.17.0.1 () {50 vars in 2576 bytes} [Sat May 15 13:22:02 2021] GET /form/ => generated 8046 bytes in 85 msecs (HTTP/1.1 200) 7 headers in 349 bytes (1 switches on core 0)
[pid: 856|app: -1|req: -1/2] 172.17.0.1 () {46 vars in 2472 bytes} [Sat May 15 13:22:02 2021] GET /static/css/form.css => generated 1909 bytes in 0 msecs via sendfile() (HTTP/1.1 200) 3 headers in 111 bytes (0 switches on core 0)
[pid: 856|app: -1|req: -1/3] 172.17.0.1 () {46 vars in 2496 bytes} [Sat May 15 13:23:04 2021] GET /static/css/form.css => generated 0 bytes in 0 msecs (HTTP/1.1 304) 0 headers in 29 bytes (0 switches on core 0)
[pid: 856|app: 0|req: 2/4] 172.17.0.1 () {52 vars in 2622 bytes} [Sat May 15 13:23:07 2021] GET /form/ => generated 8046 bytes in 24 msecs (HTTP/1.1 200) 7 headers in 349 bytes (1 switches on core 0)
[pid: 856|app: -1|req: -1/5] 172.17.0.1 () {48 vars in 2494 bytes} [Sat May 15 13:23:07 2021] GET /static/css/form.css => generated 1909 bytes in 0 msecs via sendfile() (HTTP/1.1 200) 3 headers in 111 bytes (0 switches on core 0)
[pid: 856|app: -1|req: -1/6] 172.17.0.1 () {48 vars in 2496 bytes} [Sat May 15 13:23:07 2021] GET /static/css/reset.css => generated 990 bytes in 0 msecs via sendfile() (HTTP/1.1 200) 3 headers in 110 bytes (0 switches on core 0)
[pid: 856|app: -1|req: -1/7] 172.17.0.1 () {48 vars in 2475 bytes} [Sat May 15 13:23:07 2021] GET /static/js/form.js => generated 1512 bytes in 0 msecs via sendfile() (HTTP/1.1 200) 3 headers in 125 bytes (0 switches on core 0)
Not Found: /favicon.ico
[pid: 856|app: 0|req: 3/8] 172.17.0.1 () {48 vars in 2499 bytes} [Sat May 15 13:23:08 2021] GET /favicon.ico => generated 2814 bytes in 19 msecs (HTTP/1.1 404) 5 headers in 159 bytes (1 switches on core 0)
[pid: 856|app: 0|req: 4/9] 172.17.0.1 () {50 vars in 2600 bytes} [Sat May 15 13:23:50 2021] GET /form/ => generated 8047 bytes in 12 msecs (HTTP/1.1 200) 7 headers in 349 bytes (1 switches on core 0)
[pid: 856|app: -1|req: -1/10] 172.17.0.1 () {44 vars in 2443 bytes} [Sat May 15 13:23:50 2021] GET /static/css/form1.css => generated 1909 bytes in 0 msecs via sendfile() (HTTP/1.1 200) 3 headers in 111 bytes (0 switches on core 0)
SIGINT/SIGQUIT received...killing workers...
gateway "uWSGI http 1" has been buried (pid: 857)
worker 1 buried after 1 seconds
goodbye to uWSGI.
VACUUM: pidfile removed.
*** Starting uWSGI 2.0.19.1 (64bit) on [Sat May 15 13:24:05 2021] ***
compiled with version: 7.5.0 on 14 May 2021 13:14:02
os: Linux-4.4.0-1128-aws #142-Ubuntu SMP Fri Apr 16 12:42:33 UTC 2021
nodename: goorm
machine: x86_64
clock source: unix
pcre jit disabled
detected number of CPU cores: 2
current working directory: /workspace/SugarContentCheck
writing pidfile to /workspace/SugarContentCheck/tmp/scc.pid
detected binary path: /workspace/SugarContentCheck/venv/bin/uwsgi
*** WARNING: you are running uWSGI as root !!! (use the --uid flag) *** 
chdir() to /workspace/SugarContentCheck/
your memory page size is 4096 bytes
detected max file descriptor number: 1024
building mime-types dictionary from file /etc/mime.types...554 entry found
lock engine: pthread robust mutexes
thunder lock: disabled (you can enable it with --thunder-lock)
uWSGI http bound on :8000 fd 4
uwsgi socket 0 bound to TCP address 127.0.0.1:39111 (port auto-assigned) fd 3
*** WARNING: you are running uWSGI as root !!! (use the --uid flag) *** 
Python version: 3.7.4 (default, Nov  4 2020, 10:17:35)  [GCC 7.4.0]
PEP 405 virtualenv detected: /workspace/SugarContentCheck/venv/
Set PythonHome to /workspace/SugarContentCheck/venv/
Python main interpreter initialized at 0x5650a209e6a0
*** WARNING: you are running uWSGI as root !!! (use the --uid flag) *** 
python threads support enabled
your server socket listen backlog is limited to 100 connections
your mercy for graceful operations on workers is 60 seconds
mapped 145840 bytes (142 KB) for 1 cores
*** Operational MODE: single process ***
WSGI app 0 (mountpoint='') ready in 1 seconds on interpreter 0x5650a209e6a0 pid: 873 (default app)
*** WARNING: you are running uWSGI as root !!! (use the --uid flag) *** 
spawned uWSGI master process (pid: 873)
spawned uWSGI worker 1 (pid: 876, cores: 1)
spawned uWSGI http 1 (pid: 877)
subprocess 874 exited with code 0
[pid: 876|app: -1|req: -1/1] 172.17.0.1 () {46 vars in 2497 bytes} [Sat May 15 13:24:08 2021] GET /static/css/form1.css => generated 0 bytes in 0 msecs (HTTP/1.1 304) 0 headers in 29 bytes (0 switches on core 0)
[pid: 876|app: 0|req: 1/2] 172.17.0.1 () {52 vars in 2621 bytes} [Sat May 15 13:24:10 2021] GET /form/ => generated 8047 bytes in 87 msecs (HTTP/1.1 200) 7 headers in 349 bytes (1 switches on core 0)
[pid: 876|app: -1|req: -1/3] 172.17.0.1 () {48 vars in 2495 bytes} [Sat May 15 13:24:10 2021] GET /static/css/reset.css => generated 990 bytes in 0 msecs via sendfile() (HTTP/1.1 200) 3 headers in 110 bytes (0 switches on core 0)
[pid: 876|app: -1|req: -1/4] 172.17.0.1 () {48 vars in 2473 bytes} [Sat May 15 13:24:10 2021] GET /static/js/form.js => generated 1512 bytes in 0 msecs via sendfile() (HTTP/1.1 200) 3 headers in 125 bytes (0 switches on core 0)
[pid: 876|app: -1|req: -1/5] 172.17.0.1 () {48 vars in 2494 bytes} [Sat May 15 13:24:10 2021] GET /static/css/form1.css => generated 1909 bytes in 0 msecs via sendfile() (HTTP/1.1 200) 3 headers in 111 bytes (0 switches on core 0)
Not Found: /favicon.ico
[pid: 876|app: 0|req: 2/6] 172.17.0.1 () {48 vars in 2498 bytes} [Sat May 15 13:24:11 2021] GET /favicon.ico => generated 2814 bytes in 16 msecs (HTTP/1.1 404) 5 headers in 159 bytes (1 switches on core 0)
[pid: 876|app: -1|req: -1/7] 172.17.0.1 () {46 vars in 2451 bytes} [Sat May 15 13:24:45 2021] GET /static/css/form1.css => generated 1909 bytes in 0 msecs via sendfile() (HTTP/1.1 200) 3 headers in 111 bytes (0 switches on core 0)
[pid: 876|app: 0|req: 3/8] 172.17.0.1 () {52 vars in 2575 bytes} [Sat May 15 13:24:53 2021] GET /form/ => generated 8047 bytes in 13 msecs (HTTP/1.1 200) 7 headers in 349 bytes (1 switches on core 0)
[pid: 876|app: -1|req: -1/9] 172.17.0.1 () {48 vars in 2449 bytes} [Sat May 15 13:24:53 2021] GET /static/css/reset.css => generated 990 bytes in 0 msecs via sendfile() (HTTP/1.1 200) 3 headers in 110 bytes (0 switches on core 0)
[pid: 876|app: -1|req: -1/10] 172.17.0.1 () {48 vars in 2429 bytes} [Sat May 15 13:24:53 2021] GET /static/js/form.js => generated 1512 bytes in 0 msecs via sendfile() (HTTP/1.1 200) 3 headers in 125 bytes (0 switches on core 0)
[pid: 876|app: -1|req: -1/11] 172.17.0.1 () {48 vars in 2449 bytes} [Sat May 15 13:24:53 2021] GET /static/css/form1.css => generated 1909 bytes in 0 msecs via sendfile() (HTTP/1.1 200) 3 headers in 111 bytes (0 switches on core 0)
Not Found: /favicon.ico
[pid: 876|app: 0|req: 4/12] 172.17.0.1 () {48 vars in 2452 bytes} [Sat May 15 13:24:53 2021] GET /favicon.ico => generated 2814 bytes in 26 msecs (HTTP/1.1 404) 5 headers in 159 bytes (1 switches on core 0)
SIGINT/SIGQUIT received...killing workers...
gateway "uWSGI http 1" has been buried (pid: 877)
worker 1 buried after 1 seconds
goodbye to uWSGI.
VACUUM: pidfile removed.
*** Starting uWSGI 2.0.19.1 (64bit) on [Sat May 15 14:19:55 2021] ***
compiled with version: 7.5.0 on 14 May 2021 13:14:02
os: Linux-4.4.0-1128-aws #142-Ubuntu SMP Fri Apr 16 12:42:33 UTC 2021
nodename: goorm
machine: x86_64
clock source: unix
pcre jit disabled
detected number of CPU cores: 2
current working directory: /workspace/SugarContentCheck
writing pidfile to /workspace/SugarContentCheck/tmp/scc.pid
detected binary path: /workspace/SugarContentCheck/venv/bin/uwsgi
*** WARNING: you are running uWSGI as root !!! (use the --uid flag) *** 
chdir() to /workspace/SugarContentCheck/
your memory page size is 4096 bytes
detected max file descriptor number: 1024
building mime-types dictionary from file /etc/mime.types...554 entry found
lock engine: pthread robust mutexes
thunder lock: disabled (you can enable it with --thunder-lock)
uWSGI http bound on :8000 fd 4
uwsgi socket 0 bound to TCP address 127.0.0.1:40048 (port auto-assigned) fd 3
*** WARNING: you are running uWSGI as root !!! (use the --uid flag) *** 
Python version: 3.7.4 (default, Nov  4 2020, 10:17:35)  [GCC 7.4.0]
PEP 405 virtualenv detected: /workspace/SugarContentCheck/venv/
Set PythonHome to /workspace/SugarContentCheck/venv/
Python main interpreter initialized at 0x55ee6535d6a0
*** WARNING: you are running uWSGI as root !!! (use the --uid flag) *** 
python threads support enabled
your server socket listen backlog is limited to 100 connections
your mercy for graceful operations on workers is 60 seconds
mapped 145840 bytes (142 KB) for 1 cores
*** Operational MODE: single process ***
WSGI app 0 (mountpoint='') ready in 1 seconds on interpreter 0x55ee6535d6a0 pid: 893 (default app)
*** WARNING: you are running uWSGI as root !!! (use the --uid flag) *** 
spawned uWSGI master process (pid: 893)
spawned uWSGI worker 1 (pid: 896, cores: 1)
spawned uWSGI http 1 (pid: 897)
subprocess 894 exited with code 0
[pid: 896|app: 0|req: 1/1] 172.17.0.1 () {50 vars in 2591 bytes} [Sat May 15 14:19:59 2021] GET /form/ => generated 8033 bytes in 281 msecs (HTTP/1.1 200) 7 headers in 349 bytes (1 switches on core 0)
[pid: 896|app: -1|req: -1/2] 172.17.0.1 () {46 vars in 2488 bytes} [Sat May 15 14:19:59 2021] GET /static/css/form1.css => generated 1930 bytes in 0 msecs via sendfile() (HTTP/1.1 200) 3 headers in 111 bytes (0 switches on core 0)
[pid: 896|app: 0|req: 2/3] 172.17.0.1 () {50 vars in 2545 bytes} [Sat May 15 14:21:22 2021] GET /form/ => generated 8033 bytes in 24 msecs (HTTP/1.1 200) 7 headers in 349 bytes (1 switches on core 0)
[pid: 896|app: -1|req: -1/4] 172.17.0.1 () {46 vars in 2443 bytes} [Sat May 15 14:21:22 2021] GET /static/css/form1.css => generated 0 bytes in 0 msecs (HTTP/1.1 304) 0 headers in 29 bytes (0 switches on core 0)
[pid: 896|app: 0|req: 3/5] 172.17.0.1 () {50 vars in 2545 bytes} [Sat May 15 14:21:49 2021] GET /form/ => generated 8033 bytes in 12 msecs (HTTP/1.1 200) 7 headers in 349 bytes (1 switches on core 0)
[pid: 896|app: -1|req: -1/6] 172.17.0.1 () {46 vars in 2443 bytes} [Sat May 15 14:21:49 2021] GET /static/css/form1.css => generated 0 bytes in 0 msecs (HTTP/1.1 304) 0 headers in 29 bytes (0 switches on core 0)
[pid: 896|app: 0|req: 4/7] 172.17.0.1 () {56 vars in 2682 bytes} [Sat May 15 14:22:14 2021] POST /submit/ => generated 0 bytes in 36 msecs (HTTP/1.1 302) 6 headers in 189 bytes (1 switches on core 0)
[pid: 896|app: 0|req: 5/8] 172.17.0.1 () {50 vars in 2557 bytes} [Sat May 15 14:22:14 2021] GET /result/88 => generated 3088 bytes in 34 msecs (HTTP/1.1 200) 5 headers in 167 bytes (1 switches on core 0)
[pid: 896|app: -1|req: -1/9] 172.17.0.1 () {44 vars in 2393 bytes} [Sat May 15 14:22:14 2021] GET /static/css/result.css => generated 4317 bytes in 4 msecs via sendfile() (HTTP/1.1 200) 3 headers in 111 bytes (0 switches on core 0)
[pid: 896|app: -1|req: -1/10] 172.17.0.1 () {44 vars in 2412 bytes} [Sat May 15 14:22:14 2021] GET /static/img/front.png => generated 93698 bytes in 6 msecs via sendfile() (HTTP/1.1 200) 3 headers in 113 bytes (0 switches on core 0)
[pid: 896|app: 0|req: 6/11] 172.17.0.1 () {46 vars in 2413 bytes} [Sat May 15 14:22:40 2021] GET / => generated 1988 bytes in 7 msecs (HTTP/1.1 200) 5 headers in 167 bytes (1 switches on core 0)
[pid: 896|app: -1|req: -1/12] 172.17.0.1 () {44 vars in 2360 bytes} [Sat May 15 14:22:40 2021] GET /static/css/style.css => generated 2696 bytes in 0 msecs via sendfile() (HTTP/1.1 200) 3 headers in 111 bytes (0 switches on core 0)
[pid: 896|app: 0|req: 7/13] 172.17.0.1 () {48 vars in 2443 bytes} [Sat May 15 14:25:56 2021] GET / => generated 1988 bytes in 6 msecs (HTTP/1.1 200) 5 headers in 167 bytes (1 switches on core 0)
[pid: 896|app: 0|req: 8/14] 172.17.0.1 () {48 vars in 2443 bytes} [Sat May 15 14:26:55 2021] GET / => generated 2034 bytes in 7 msecs (HTTP/1.1 200) 5 headers in 167 bytes (1 switches on core 0)
[pid: 896|app: 0|req: 9/15] 172.17.0.1 () {48 vars in 2490 bytes} [Sat May 15 14:27:04 2021] GET /form/ => generated 8025 bytes in 21 msecs (HTTP/1.1 200) 7 headers in 349 bytes (1 switches on core 0)
[pid: 896|app: -1|req: -1/16] 172.17.0.1 () {46 vars in 2419 bytes} [Sat May 15 14:27:04 2021] GET /static/css/form1.css => generated 0 bytes in 0 msecs (HTTP/1.1 304) 0 headers in 29 bytes (0 switches on core 0)
[pid: 896|app: 0|req: 10/17] 172.17.0.1 () {50 vars in 2521 bytes} [Sat May 15 14:31:53 2021] GET /form/ => generated 8025 bytes in 17 msecs (HTTP/1.1 200) 7 headers in 349 bytes (1 switches on core 0)
[pid: 896|app: -1|req: -1/18] 172.17.0.1 () {46 vars in 2419 bytes} [Sat May 15 14:31:53 2021] GET /static/css/form1.css => generated 0 bytes in 0 msecs (HTTP/1.1 304) 0 headers in 29 bytes (0 switches on core 0)
[pid: 896|app: 0|req: 11/19] 172.17.0.1 () {52 vars in 2543 bytes} [Sat May 15 14:32:00 2021] GET /form/ => generated 8025 bytes in 12 msecs (HTTP/1.1 200) 7 headers in 349 bytes (1 switches on core 0)
[pid: 896|app: -1|req: -1/20] 172.17.0.1 () {48 vars in 2417 bytes} [Sat May 15 14:32:01 2021] GET /static/css/form1.css => generated 1930 bytes in 0 msecs via sendfile() (HTTP/1.1 200) 3 headers in 111 bytes (0 switches on core 0)
[pid: 896|app: -1|req: -1/21] 172.17.0.1 () {48 vars in 2396 bytes} [Sat May 15 14:32:01 2021] GET /static/js/form.js => generated 1512 bytes in 0 msecs via sendfile() (HTTP/1.1 200) 3 headers in 125 bytes (0 switches on core 0)
[pid: 896|app: -1|req: -1/22] 172.17.0.1 () {48 vars in 2417 bytes} [Sat May 15 14:32:01 2021] GET /static/css/reset.css => generated 990 bytes in 0 msecs via sendfile() (HTTP/1.1 200) 3 headers in 110 bytes (0 switches on core 0)
Not Found: /favicon.ico
[pid: 896|app: 0|req: 12/23] 172.17.0.1 () {48 vars in 2420 bytes} [Sat May 15 14:32:01 2021] GET /favicon.ico => generated 2814 bytes in 18 msecs (HTTP/1.1 404) 5 headers in 159 bytes (1 switches on core 0)
[pid: 896|app: 0|req: 13/24] 172.17.0.1 () {50 vars in 2521 bytes} [Sat May 15 14:32:40 2021] GET /form/ => generated 8025 bytes in 14 msecs (HTTP/1.1 200) 7 headers in 349 bytes (1 switches on core 0)
[pid: 896|app: 0|req: 14/25] 172.17.0.1 () {56 vars in 2659 bytes} [Sat May 15 14:33:22 2021] POST /submit/ => generated 0 bytes in 14 msecs (HTTP/1.1 302) 6 headers in 189 bytes (1 switches on core 0)
[pid: 896|app: 0|req: 15/26] 172.17.0.1 () {50 vars in 2533 bytes} [Sat May 15 14:33:22 2021] GET /result/89 => generated 3088 bytes in 16 msecs (HTTP/1.1 200) 5 headers in 167 bytes (1 switches on core 0)
[pid: 896|app: -1|req: -1/27] 172.17.0.1 () {44 vars in 2389 bytes} [Sat May 15 14:33:22 2021] GET /static/img/front.png => generated 93698 bytes in 0 msecs via sendfile() (HTTP/1.1 200) 3 headers in 113 bytes (0 switches on core 0)
[pid: 896|app: -1|req: -1/28] 172.17.0.1 () {44 vars in 2369 bytes} [Sat May 15 14:33:22 2021] GET /static/css/result.css => generated 4317 bytes in 0 msecs via sendfile() (HTTP/1.1 200) 3 headers in 111 bytes (0 switches on core 0)
[pid: 896|app: 0|req: 16/29] 172.17.0.1 () {48 vars in 2489 bytes} [Sat May 15 14:38:02 2021] GET /form/ => generated 8025 bytes in 13 msecs (HTTP/1.1 200) 7 headers in 349 bytes (1 switches on core 0)
[pid: 896|app: 0|req: 17/30] 172.17.0.1 () {50 vars in 2520 bytes} [Sat May 15 14:38:10 2021] GET /form/ => generated 8025 bytes in 32 msecs (HTTP/1.1 200) 7 headers in 349 bytes (1 switches on core 0)
[pid: 896|app: -1|req: -1/31] 172.17.0.1 () {46 vars in 2418 bytes} [Sat May 15 14:38:10 2021] GET /static/css/form1.css => generated 0 bytes in 0 msecs (HTTP/1.1 304) 0 headers in 29 bytes (0 switches on core 0)
[pid: 896|app: 0|req: 18/32] 172.17.0.1 () {52 vars in 2542 bytes} [Sat May 15 14:38:14 2021] GET /form/ => generated 8025 bytes in 38 msecs (HTTP/1.1 200) 7 headers in 349 bytes (1 switches on core 0)
[pid: 896|app: -1|req: -1/33] 172.17.0.1 () {48 vars in 2416 bytes} [Sat May 15 14:38:14 2021] GET /static/css/form1.css => generated 1930 bytes in 0 msecs via sendfile() (HTTP/1.1 200) 3 headers in 111 bytes (0 switches on core 0)
[pid: 896|app: -1|req: -1/34] 172.17.0.1 () {48 vars in 2416 bytes} [Sat May 15 14:38:14 2021] GET /static/css/reset.css => generated 990 bytes in 0 msecs via sendfile() (HTTP/1.1 200) 3 headers in 110 bytes (0 switches on core 0)
[pid: 896|app: -1|req: -1/35] 172.17.0.1 () {48 vars in 2394 bytes} [Sat May 15 14:38:14 2021] GET /static/js/form.js => generated 1512 bytes in 0 msecs via sendfile() (HTTP/1.1 200) 3 headers in 125 bytes (0 switches on core 0)
Not Found: /favicon.ico
[pid: 896|app: 0|req: 19/36] 172.17.0.1 () {48 vars in 2418 bytes} [Sat May 15 14:38:15 2021] GET /favicon.ico => generated 2814 bytes in 67 msecs (HTTP/1.1 404) 5 headers in 159 bytes (1 switches on core 0)
[pid: 896|app: 0|req: 20/37] 172.17.0.1 () {50 vars in 2533 bytes} [Sat May 15 14:45:11 2021] GET /result/88 => generated 3306 bytes in 25 msecs (HTTP/1.1 200) 5 headers in 167 bytes (1 switches on core 0)
[pid: 896|app: -1|req: -1/38] 172.17.0.1 () {44 vars in 2388 bytes} [Sat May 15 14:45:11 2021] GET /static/img/front.png => generated 93698 bytes in 7 msecs via sendfile() (HTTP/1.1 200) 3 headers in 113 bytes (0 switches on core 0)
[pid: 896|app: -1|req: -1/39] 172.17.0.1 () {44 vars in 2369 bytes} [Sat May 15 14:45:11 2021] GET /static/css/result.css => generated 4317 bytes in 1 msecs via sendfile() (HTTP/1.1 200) 3 headers in 111 bytes (0 switches on core 0)
[pid: 896|app: -1|req: -1/40] 172.17.0.1 () {44 vars in 2350 bytes} [Sat May 15 14:45:11 2021] GET /static/js/result.js => generated 2177 bytes in 0 msecs via sendfile() (HTTP/1.1 200) 3 headers in 125 bytes (0 switches on core 0)
[pid: 896|app: 0|req: 21/41] 172.17.0.1 () {52 vars in 2555 bytes} [Sat May 15 14:45:20 2021] GET /result/88 => generated 3306 bytes in 15 msecs (HTTP/1.1 200) 5 headers in 167 bytes (1 switches on core 0)
[pid: 896|app: -1|req: -1/42] 172.17.0.1 () {48 vars in 2420 bytes} [Sat May 15 14:45:20 2021] GET /static/css/reset.css => generated 990 bytes in 0 msecs via sendfile() (HTTP/1.1 200) 3 headers in 110 bytes (0 switches on core 0)
[pid: 896|app: -1|req: -1/43] 172.17.0.1 () {48 vars in 2422 bytes} [Sat May 15 14:45:20 2021] GET /static/css/result.css => generated 4317 bytes in 0 msecs via sendfile() (HTTP/1.1 200) 3 headers in 111 bytes (0 switches on core 0)
[pid: 896|app: -1|req: -1/44] 172.17.0.1 () {48 vars in 2441 bytes} [Sat May 15 14:45:20 2021] GET /static/img/front.png => generated 93698 bytes in 0 msecs via sendfile() (HTTP/1.1 200) 3 headers in 113 bytes (0 switches on core 0)
[pid: 896|app: -1|req: -1/45] 172.17.0.1 () {48 vars in 2403 bytes} [Sat May 15 14:45:20 2021] GET /static/js/result.js => generated 2177 bytes in 0 msecs via sendfile() (HTTP/1.1 200) 3 headers in 125 bytes (0 switches on core 0)
Not Found: /favicon.ico
[pid: 896|app: 0|req: 22/46] 172.17.0.1 () {48 vars in 2423 bytes} [Sat May 15 14:45:21 2021] GET /favicon.ico => generated 2814 bytes in 8 msecs (HTTP/1.1 404) 5 headers in 159 bytes (1 switches on core 0)
[pid: 896|app: 0|req: 23/47] 172.17.0.1 () {50 vars in 2533 bytes} [Sat May 15 14:46:16 2021] GET /result/88 => generated 3306 bytes in 16 msecs (HTTP/1.1 200) 5 headers in 167 bytes (1 switches on core 0)
SIGINT/SIGQUIT received...killing workers...
gateway "uWSGI http 1" has been buried (pid: 897)
worker 1 buried after 1 seconds
goodbye to uWSGI.
VACUUM: pidfile removed.
*** Starting uWSGI 2.0.19.1 (64bit) on [Sat May 15 14:46:22 2021] ***
compiled with version: 7.5.0 on 14 May 2021 13:14:02
os: Linux-4.4.0-1128-aws #142-Ubuntu SMP Fri Apr 16 12:42:33 UTC 2021
nodename: goorm
machine: x86_64
clock source: unix
pcre jit disabled
detected number of CPU cores: 2
current working directory: /workspace/SugarContentCheck
writing pidfile to /workspace/SugarContentCheck/tmp/scc.pid
detected binary path: /workspace/SugarContentCheck/venv/bin/uwsgi
*** WARNING: you are running uWSGI as root !!! (use the --uid flag) *** 
chdir() to /workspace/SugarContentCheck/
your memory page size is 4096 bytes
detected max file descriptor number: 1024
building mime-types dictionary from file /etc/mime.types...554 entry found
lock engine: pthread robust mutexes
thunder lock: disabled (you can enable it with --thunder-lock)
uWSGI http bound on :8000 fd 4
uwsgi socket 0 bound to TCP address 127.0.0.1:33296 (port auto-assigned) fd 3
*** WARNING: you are running uWSGI as root !!! (use the --uid flag) *** 
Python version: 3.7.4 (default, Nov  4 2020, 10:17:35)  [GCC 7.4.0]
PEP 405 virtualenv detected: /workspace/SugarContentCheck/venv/
Set PythonHome to /workspace/SugarContentCheck/venv/
Python main interpreter initialized at 0x55c66a4ba6a0
*** WARNING: you are running uWSGI as root !!! (use the --uid flag) *** 
python threads support enabled
your server socket listen backlog is limited to 100 connections
your mercy for graceful operations on workers is 60 seconds
mapped 145840 bytes (142 KB) for 1 cores
*** Operational MODE: single process ***
WSGI app 0 (mountpoint='') ready in 3 seconds on interpreter 0x55c66a4ba6a0 pid: 940 (default app)
*** WARNING: you are running uWSGI as root !!! (use the --uid flag) *** 
spawned uWSGI master process (pid: 940)
spawned uWSGI worker 1 (pid: 943, cores: 1)
spawned uWSGI http 1 (pid: 944)
subprocess 941 exited with code 0
[pid: 943|app: 0|req: 1/1] 172.17.0.1 () {50 vars in 2533 bytes} [Sat May 15 14:46:26 2021] GET /result/88 => generated 3306 bytes in 456 msecs (HTTP/1.1 200) 5 headers in 167 bytes (1 switches on core 0)
[pid: 943|app: 0|req: 2/2] 172.17.0.1 () {50 vars in 2533 bytes} [Sat May 15 14:46:37 2021] GET /result/88 => generated 3306 bytes in 23 msecs (HTTP/1.1 200) 5 headers in 167 bytes (1 switches on core 0)
[pid: 943|app: 0|req: 3/3] 172.17.0.1 () {52 vars in 2555 bytes} [Sat May 15 14:46:39 2021] GET /result/88 => generated 3306 bytes in 33 msecs (HTTP/1.1 200) 5 headers in 167 bytes (1 switches on core 0)
[pid: 943|app: -1|req: -1/4] 172.17.0.1 () {48 vars in 2422 bytes} [Sat May 15 14:46:39 2021] GET /static/css/result.css => generated 4317 bytes in 0 msecs via sendfile() (HTTP/1.1 200) 3 headers in 111 bytes (0 switches on core 0)
[pid: 943|app: -1|req: -1/5] 172.17.0.1 () {48 vars in 2420 bytes} [Sat May 15 14:46:39 2021] GET /static/css/reset.css => generated 990 bytes in 0 msecs via sendfile() (HTTP/1.1 200) 3 headers in 110 bytes (0 switches on core 0)
[pid: 943|app: -1|req: -1/6] 172.17.0.1 () {48 vars in 2441 bytes} [Sat May 15 14:46:39 2021] GET /static/img/front.png => generated 93698 bytes in 0 msecs via sendfile() (HTTP/1.1 200) 3 headers in 113 bytes (0 switches on core 0)
[pid: 943|app: -1|req: -1/7] 172.17.0.1 () {48 vars in 2403 bytes} [Sat May 15 14:46:39 2021] GET /static/js/result.js => generated 2177 bytes in 0 msecs via sendfile() (HTTP/1.1 200) 3 headers in 125 bytes (0 switches on core 0)
Not Found: /favicon.ico
[pid: 943|app: 0|req: 4/8] 172.17.0.1 () {48 vars in 2423 bytes} [Sat May 15 14:46:40 2021] GET /favicon.ico => generated 2814 bytes in 19 msecs (HTTP/1.1 404) 5 headers in 159 bytes (1 switches on core 0)
[pid: 943|app: 0|req: 5/9] 172.17.0.1 () {50 vars in 2533 bytes} [Sat May 15 14:47:30 2021] GET /result/88 => generated 3306 bytes in 16 msecs (HTTP/1.1 200) 5 headers in 167 bytes (1 switches on core 0)
[pid: 943|app: 0|req: 6/10] 172.17.0.1 () {50 vars in 2533 bytes} [Sat May 15 14:47:31 2021] GET /result/88 => generated 3306 bytes in 22 msecs (HTTP/1.1 200) 5 headers in 167 bytes (1 switches on core 0)
[pid: 943|app: 0|req: 7/11] 172.17.0.1 () {50 vars in 2533 bytes} [Sat May 15 14:52:44 2021] GET /result/88 => generated 3306 bytes in 43 msecs (HTTP/1.1 200) 5 headers in 167 bytes (1 switches on core 0)
[pid: 943|app: 0|req: 8/12] 172.17.0.1 () {50 vars in 2533 bytes} [Sat May 15 14:52:45 2021] GET /result/88 => generated 3306 bytes in 18 msecs (HTTP/1.1 200) 5 headers in 167 bytes (1 switches on core 0)
[pid: 943|app: 0|req: 9/13] 172.17.0.1 () {52 vars in 2555 bytes} [Sat May 15 14:52:55 2021] GET /result/88 => generated 3306 bytes in 78 msecs (HTTP/1.1 200) 5 headers in 167 bytes (1 switches on core 0)
[pid: 943|app: -1|req: -1/14] 172.17.0.1 () {48 vars in 2418 bytes} [Sat May 15 14:52:55 2021] GET /static/css/reset.css => generated 990 bytes in 0 msecs via sendfile() (HTTP/1.1 200) 3 headers in 110 bytes (0 switches on core 0)
[pid: 943|app: -1|req: -1/15] 172.17.0.1 () {48 vars in 2402 bytes} [Sat May 15 14:52:55 2021] GET /static/js/result.js => generated 2257 bytes in 0 msecs via sendfile() (HTTP/1.1 200) 3 headers in 125 bytes (0 switches on core 0)
[pid: 943|app: -1|req: -1/16] 172.17.0.1 () {48 vars in 2440 bytes} [Sat May 15 14:52:55 2021] GET /static/img/front.png => generated 93698 bytes in 0 msecs via sendfile() (HTTP/1.1 200) 3 headers in 113 bytes (0 switches on core 0)
[pid: 943|app: -1|req: -1/17] 172.17.0.1 () {48 vars in 2421 bytes} [Sat May 15 14:52:55 2021] GET /static/css/result.css => generated 4317 bytes in 0 msecs via sendfile() (HTTP/1.1 200) 3 headers in 111 bytes (0 switches on core 0)
Not Found: /favicon.ico
[pid: 943|app: 0|req: 10/18] 172.17.0.1 () {48 vars in 2422 bytes} [Sat May 15 14:52:55 2021] GET /favicon.ico => generated 2814 bytes in 16 msecs (HTTP/1.1 404) 5 headers in 159 bytes (1 switches on core 0)
SIGINT/SIGQUIT received...killing workers...
gateway "uWSGI http 1" has been buried (pid: 944)
worker 1 buried after 1 seconds
goodbye to uWSGI.
VACUUM: pidfile removed.
*** Starting uWSGI 2.0.19.1 (64bit) on [Sat May 15 14:53:03 2021] ***
compiled with version: 7.5.0 on 14 May 2021 13:14:02
os: Linux-4.4.0-1128-aws #142-Ubuntu SMP Fri Apr 16 12:42:33 UTC 2021
nodename: goorm
machine: x86_64
clock source: unix
pcre jit disabled
detected number of CPU cores: 2
current working directory: /workspace/SugarContentCheck
writing pidfile to /workspace/SugarContentCheck/tmp/scc.pid
detected binary path: /workspace/SugarContentCheck/venv/bin/uwsgi
*** WARNING: you are running uWSGI as root !!! (use the --uid flag) *** 
chdir() to /workspace/SugarContentCheck/
your memory page size is 4096 bytes
detected max file descriptor number: 1024
building mime-types dictionary from file /etc/mime.types...554 entry found
lock engine: pthread robust mutexes
thunder lock: disabled (you can enable it with --thunder-lock)
uWSGI http bound on :8000 fd 4
uwsgi socket 0 bound to TCP address 127.0.0.1:41859 (port auto-assigned) fd 3
*** WARNING: you are running uWSGI as root !!! (use the --uid flag) *** 
Python version: 3.7.4 (default, Nov  4 2020, 10:17:35)  [GCC 7.4.0]
PEP 405 virtualenv detected: /workspace/SugarContentCheck/venv/
Set PythonHome to /workspace/SugarContentCheck/venv/
Python main interpreter initialized at 0x55930169c6a0
*** WARNING: you are running uWSGI as root !!! (use the --uid flag) *** 
python threads support enabled
your server socket listen backlog is limited to 100 connections
your mercy for graceful operations on workers is 60 seconds
mapped 145840 bytes (142 KB) for 1 cores
*** Operational MODE: single process ***
WSGI app 0 (mountpoint='') ready in 2 seconds on interpreter 0x55930169c6a0 pid: 967 (default app)
*** WARNING: you are running uWSGI as root !!! (use the --uid flag) *** 
spawned uWSGI master process (pid: 967)
spawned uWSGI worker 1 (pid: 970, cores: 1)
spawned uWSGI http 1 (pid: 971)
subprocess 968 exited with code 0
[pid: 970|app: 0|req: 1/1] 172.17.0.1 () {52 vars in 2555 bytes} [Sat May 15 14:53:07 2021] GET /result/88 => generated 3306 bytes in 56 msecs (HTTP/1.1 200) 5 headers in 167 bytes (1 switches on core 0)
[pid: 970|app: -1|req: -1/2] 172.17.0.1 () {48 vars in 2420 bytes} [Sat May 15 14:53:07 2021] GET /static/css/reset.css => generated 990 bytes in 0 msecs via sendfile() (HTTP/1.1 200) 3 headers in 110 bytes (0 switches on core 0)
[pid: 970|app: -1|req: -1/3] 172.17.0.1 () {48 vars in 2441 bytes} [Sat May 15 14:53:07 2021] GET /static/img/front.png => generated 93698 bytes in 0 msecs via sendfile() (HTTP/1.1 200) 3 headers in 113 bytes (0 switches on core 0)
[pid: 970|app: -1|req: -1/4] 172.17.0.1 () {48 vars in 2403 bytes} [Sat May 15 14:53:07 2021] GET /static/js/result.js => generated 2257 bytes in 0 msecs via sendfile() (HTTP/1.1 200) 3 headers in 125 bytes (0 switches on core 0)
[pid: 970|app: -1|req: -1/5] 172.17.0.1 () {48 vars in 2422 bytes} [Sat May 15 14:53:07 2021] GET /static/css/result.css => generated 4317 bytes in 0 msecs via sendfile() (HTTP/1.1 200) 3 headers in 111 bytes (0 switches on core 0)
Not Found: /favicon.ico
[pid: 970|app: 0|req: 2/6] 172.17.0.1 () {48 vars in 2423 bytes} [Sat May 15 14:53:07 2021] GET /favicon.ico => generated 2814 bytes in 9 msecs (HTTP/1.1 404) 5 headers in 159 bytes (1 switches on core 0)
[pid: 970|app: 0|req: 3/7] 172.17.0.1 () {52 vars in 2555 bytes} [Sat May 15 14:53:09 2021] GET /result/88 => generated 3306 bytes in 32 msecs (HTTP/1.1 200) 5 headers in 167 bytes (1 switches on core 0)
[pid: 970|app: -1|req: -1/8] 172.17.0.1 () {48 vars in 2441 bytes} [Sat May 15 14:53:09 2021] GET /static/img/front.png => generated 93698 bytes in 0 msecs via sendfile() (HTTP/1.1 200) 3 headers in 113 bytes (0 switches on core 0)
[pid: 970|app: -1|req: -1/9] 172.17.0.1 () {48 vars in 2403 bytes} [Sat May 15 14:53:09 2021] GET /static/js/result.js => generated 2257 bytes in 0 msecs via sendfile() (HTTP/1.1 200) 3 headers in 125 bytes (0 switches on core 0)
[pid: 970|app: -1|req: -1/10] 172.17.0.1 () {48 vars in 2420 bytes} [Sat May 15 14:53:09 2021] GET /static/css/reset.css => generated 990 bytes in 0 msecs via sendfile() (HTTP/1.1 200) 3 headers in 110 bytes (0 switches on core 0)
[pid: 970|app: -1|req: -1/11] 172.17.0.1 () {48 vars in 2422 bytes} [Sat May 15 14:53:09 2021] GET /static/css/result.css => generated 4317 bytes in 0 msecs via sendfile() (HTTP/1.1 200) 3 headers in 111 bytes (0 switches on core 0)
Not Found: /favicon.ico
[pid: 970|app: 0|req: 4/12] 172.17.0.1 () {48 vars in 2423 bytes} [Sat May 15 14:53:09 2021] GET /favicon.ico => generated 2814 bytes in 7 msecs (HTTP/1.1 404) 5 headers in 159 bytes (1 switches on core 0)
[pid: 970|app: 0|req: 5/13] 172.17.0.1 () {50 vars in 2532 bytes} [Sat May 15 14:53:44 2021] GET /result/88 => generated 3306 bytes in 58 msecs (HTTP/1.1 200) 5 headers in 167 bytes (1 switches on core 0)
[pid: 970|app: -1|req: -1/14] 172.17.0.1 () {46 vars in 2404 bytes} [Sat May 15 14:53:44 2021] GET /static/js/result.js => generated 0 bytes in 0 msecs (HTTP/1.1 304) 0 headers in 29 bytes (0 switches on core 0)
[pid: 970|app: 0|req: 6/15] 172.17.0.1 () {52 vars in 2555 bytes} [Sat May 15 14:53:49 2021] GET /result/88 => generated 3306 bytes in 31 msecs (HTTP/1.1 200) 5 headers in 167 bytes (1 switches on core 0)
[pid: 970|app: -1|req: -1/16] 172.17.0.1 () {48 vars in 2422 bytes} [Sat May 15 14:53:49 2021] GET /static/css/result.css => generated 4317 bytes in 0 msecs via sendfile() (HTTP/1.1 200) 3 headers in 111 bytes (0 switches on core 0)
[pid: 970|app: -1|req: -1/17] 172.17.0.1 () {48 vars in 2441 bytes} [Sat May 15 14:53:49 2021] GET /static/img/front.png => generated 93698 bytes in 3 msecs via sendfile() (HTTP/1.1 200) 3 headers in 113 bytes (0 switches on core 0)
[pid: 970|app: -1|req: -1/18] 172.17.0.1 () {48 vars in 2420 bytes} [Sat May 15 14:53:49 2021] GET /static/css/reset.css => generated 990 bytes in 0 msecs via sendfile() (HTTP/1.1 200) 3 headers in 110 bytes (0 switches on core 0)
[pid: 970|app: -1|req: -1/19] 172.17.0.1 () {48 vars in 2403 bytes} [Sat May 15 14:53:49 2021] GET /static/js/result.js => generated 2257 bytes in 0 msecs via sendfile() (HTTP/1.1 200) 3 headers in 125 bytes (0 switches on core 0)
Not Found: /favicon.ico
[pid: 970|app: 0|req: 7/20] 172.17.0.1 () {48 vars in 2423 bytes} [Sat May 15 14:53:50 2021] GET /favicon.ico => generated 2814 bytes in 19 msecs (HTTP/1.1 404) 5 headers in 159 bytes (1 switches on core 0)
SIGINT/SIGQUIT received...killing workers...
gateway "uWSGI http 1" has been buried (pid: 971)
worker 1 buried after 1 seconds
goodbye to uWSGI.
VACUUM: pidfile removed.
*** Starting uWSGI 2.0.19.1 (64bit) on [Sat May 15 14:53:56 2021] ***
compiled with version: 7.5.0 on 14 May 2021 13:14:02
os: Linux-4.4.0-1128-aws #142-Ubuntu SMP Fri Apr 16 12:42:33 UTC 2021
nodename: goorm
machine: x86_64
clock source: unix
pcre jit disabled
detected number of CPU cores: 2
current working directory: /workspace/SugarContentCheck
writing pidfile to /workspace/SugarContentCheck/tmp/scc.pid
detected binary path: /workspace/SugarContentCheck/venv/bin/uwsgi
*** WARNING: you are running uWSGI as root !!! (use the --uid flag) *** 
chdir() to /workspace/SugarContentCheck/
your memory page size is 4096 bytes
detected max file descriptor number: 1024
building mime-types dictionary from file /etc/mime.types...554 entry found
lock engine: pthread robust mutexes
thunder lock: disabled (you can enable it with --thunder-lock)
uWSGI http bound on :8000 fd 4
uwsgi socket 0 bound to TCP address 127.0.0.1:42930 (port auto-assigned) fd 3
*** WARNING: you are running uWSGI as root !!! (use the --uid flag) *** 
Python version: 3.7.4 (default, Nov  4 2020, 10:17:35)  [GCC 7.4.0]
PEP 405 virtualenv detected: /workspace/SugarContentCheck/venv/
Set PythonHome to /workspace/SugarContentCheck/venv/
Python main interpreter initialized at 0x555d6915a6a0
*** WARNING: you are running uWSGI as root !!! (use the --uid flag) *** 
python threads support enabled
your server socket listen backlog is limited to 100 connections
your mercy for graceful operations on workers is 60 seconds
mapped 145840 bytes (142 KB) for 1 cores
*** Operational MODE: single process ***
WSGI app 0 (mountpoint='') ready in 1 seconds on interpreter 0x555d6915a6a0 pid: 988 (default app)
*** WARNING: you are running uWSGI as root !!! (use the --uid flag) *** 
spawned uWSGI master process (pid: 988)
spawned uWSGI worker 1 (pid: 991, cores: 1)
spawned uWSGI http 1 (pid: 992)
subprocess 989 exited with code 0
[pid: 991|app: 0|req: 1/1] 172.17.0.1 () {52 vars in 2555 bytes} [Sat May 15 14:54:00 2021] GET /result/88 => generated 3306 bytes in 99 msecs (HTTP/1.1 200) 5 headers in 167 bytes (1 switches on core 0)
[pid: 991|app: -1|req: -1/2] 172.17.0.1 () {48 vars in 2441 bytes} [Sat May 15 14:54:00 2021] GET /static/img/front.png => generated 93698 bytes in 0 msecs via sendfile() (HTTP/1.1 200) 3 headers in 113 bytes (0 switches on core 0)
[pid: 991|app: -1|req: -1/3] 172.17.0.1 () {48 vars in 2403 bytes} [Sat May 15 14:54:00 2021] GET /static/js/result.js => generated 2257 bytes in 0 msecs via sendfile() (HTTP/1.1 200) 3 headers in 125 bytes (0 switches on core 0)
[pid: 991|app: -1|req: -1/4] 172.17.0.1 () {48 vars in 2422 bytes} [Sat May 15 14:54:00 2021] GET /static/css/result.css => generated 4317 bytes in 0 msecs via sendfile() (HTTP/1.1 200) 3 headers in 111 bytes (0 switches on core 0)
[pid: 991|app: -1|req: -1/5] 172.17.0.1 () {48 vars in 2420 bytes} [Sat May 15 14:54:00 2021] GET /static/css/reset.css => generated 990 bytes in 0 msecs via sendfile() (HTTP/1.1 200) 3 headers in 110 bytes (0 switches on core 0)
Not Found: /favicon.ico
[pid: 991|app: 0|req: 2/6] 172.17.0.1 () {48 vars in 2423 bytes} [Sat May 15 14:54:01 2021] GET /favicon.ico => generated 2814 bytes in 21 msecs (HTTP/1.1 404) 5 headers in 159 bytes (1 switches on core 0)
SIGINT/SIGQUIT received...killing workers...
gateway "uWSGI http 1" has been buried (pid: 992)
worker 1 buried after 1 seconds
goodbye to uWSGI.
VACUUM: pidfile removed.
*** Starting uWSGI 2.0.19.1 (64bit) on [Sat May 15 14:55:22 2021] ***
compiled with version: 7.5.0 on 14 May 2021 13:14:02
os: Linux-4.4.0-1128-aws #142-Ubuntu SMP Fri Apr 16 12:42:33 UTC 2021
nodename: goorm
machine: x86_64
clock source: unix
pcre jit disabled
detected number of CPU cores: 2
current working directory: /workspace/SugarContentCheck
writing pidfile to /workspace/SugarContentCheck/tmp/scc.pid
detected binary path: /workspace/SugarContentCheck/venv/bin/uwsgi
*** WARNING: you are running uWSGI as root !!! (use the --uid flag) *** 
chdir() to /workspace/SugarContentCheck/
your memory page size is 4096 bytes
detected max file descriptor number: 1024
building mime-types dictionary from file /etc/mime.types...554 entry found
lock engine: pthread robust mutexes
thunder lock: disabled (you can enable it with --thunder-lock)
uWSGI http bound on :8000 fd 4
uwsgi socket 0 bound to TCP address 127.0.0.1:44814 (port auto-assigned) fd 3
*** WARNING: you are running uWSGI as root !!! (use the --uid flag) *** 
Python version: 3.7.4 (default, Nov  4 2020, 10:17:35)  [GCC 7.4.0]
PEP 405 virtualenv detected: /workspace/SugarContentCheck/venv/
Set PythonHome to /workspace/SugarContentCheck/venv/
Python main interpreter initialized at 0x5569536cf6a0
*** WARNING: you are running uWSGI as root !!! (use the --uid flag) *** 
python threads support enabled
your server socket listen backlog is limited to 100 connections
your mercy for graceful operations on workers is 60 seconds
mapped 145840 bytes (142 KB) for 1 cores
*** Operational MODE: single process ***
WSGI app 0 (mountpoint='') ready in 0 seconds on interpreter 0x5569536cf6a0 pid: 430 (default app)
*** WARNING: you are running uWSGI as root !!! (use the --uid flag) *** 
spawned uWSGI master process (pid: 430)
spawned uWSGI worker 1 (pid: 433, cores: 1)
spawned uWSGI http 1 (pid: 434)
subprocess 431 exited with code 0
[pid: 433|app: 0|req: 1/1] 172.17.0.1 () {50 vars in 2591 bytes} [Sat May 15 14:55:24 2021] GET /result/88 => generated 3306 bytes in 74 msecs (HTTP/1.1 200) 5 headers in 167 bytes (1 switches on core 0)
[pid: 433|app: -1|req: -1/2] 172.17.0.1 () {44 vars in 2425 bytes} [Sat May 15 14:55:25 2021] GET /static/css/reset.css => generated 990 bytes in 0 msecs via sendfile() (HTTP/1.1 200) 3 headers in 110 bytes (0 switches on core 0)
[pid: 433|app: -1|req: -1/3] 172.17.0.1 () {44 vars in 2408 bytes} [Sat May 15 14:55:25 2021] GET /static/js/result.js => generated 2257 bytes in 0 msecs via sendfile() (HTTP/1.1 200) 3 headers in 125 bytes (0 switches on core 0)
[pid: 433|app: -1|req: -1/4] 172.17.0.1 () {44 vars in 2446 bytes} [Sat May 15 14:55:25 2021] GET /static/img/front.png => generated 93698 bytes in 0 msecs via sendfile() (HTTP/1.1 200) 3 headers in 113 bytes (0 switches on core 0)
[pid: 433|app: -1|req: -1/5] 172.17.0.1 () {44 vars in 2427 bytes} [Sat May 15 14:55:25 2021] GET /static/css/result.css => generated 4317 bytes in 0 msecs via sendfile() (HTTP/1.1 200) 3 headers in 111 bytes (0 switches on core 0)
Not Found: /favicon.ico
[pid: 433|app: 0|req: 2/6] 172.17.0.1 () {48 vars in 2481 bytes} [Sat May 15 14:55:25 2021] GET /favicon.ico => generated 2814 bytes in 12 msecs (HTTP/1.1 404) 5 headers in 159 bytes (1 switches on core 0)
Gracefully killing worker 1 (pid: 433)...
gateway "uWSGI http 1" has been buried (pid: 434)
...gracefully killing workers...
worker 1 buried after 1 seconds
binary reloading uWSGI...
chdir() to /workspace/SugarContentCheck
closing all non-uwsgi socket fds > 2 (max_fd = 1024)...
found fd 3 mapped to socket 0 (127.0.0.1:44814)
running /workspace/SugarContentCheck/venv/bin/uwsgi
[uWSGI] getting INI configuration from /workspace/SugarContentCheck/.config/uwsgi/uwsgi.ini
[uwsgi-static] added mapping for /static => /workspace/SugarContentCheck/staticfiles/
*** Starting uWSGI 2.0.19.1 (64bit) on [Sat May 15 15:01:51 2021] ***
compiled with version: 7.5.0 on 14 May 2021 13:14:02
os: Linux-4.4.0-1128-aws #142-Ubuntu SMP Fri Apr 16 12:42:33 UTC 2021
nodename: goorm
machine: x86_64
clock source: unix
pcre jit disabled
detected number of CPU cores: 2
current working directory: /workspace/SugarContentCheck
detected binary path: /workspace/SugarContentCheck/venv/bin/uwsgi
*** WARNING: you are running uWSGI as root !!! (use the --uid flag) *** 
chdir() to /workspace/SugarContentCheck/
your memory page size is 4096 bytes
detected max file descriptor number: 1024
building mime-types dictionary from file /etc/mime.types...554 entry found
lock engine: pthread robust mutexes
thunder lock: disabled (you can enable it with --thunder-lock)
uWSGI http bound on :8000 fd 5
uwsgi socket 0 bound to TCP address 127.0.0.1:38258 (port auto-assigned) fd 4
*** WARNING: you are running uWSGI as root !!! (use the --uid flag) *** 
Python version: 3.7.4 (default, Nov  4 2020, 10:17:35)  [GCC 7.4.0]
PEP 405 virtualenv detected: /workspace/SugarContentCheck/venv/
Set PythonHome to /workspace/SugarContentCheck/venv/
Python main interpreter initialized at 0x55bed99f8640
*** WARNING: you are running uWSGI as root !!! (use the --uid flag) *** 
python threads support enabled
your server socket listen backlog is limited to 100 connections
your mercy for graceful operations on workers is 60 seconds
mapped 145840 bytes (142 KB) for 1 cores
*** Operational MODE: single process ***
WSGI app 0 (mountpoint='') ready in 1 seconds on interpreter 0x55bed99f8640 pid: 430 (default app)
*** WARNING: you are running uWSGI as root !!! (use the --uid flag) *** 
gracefully (RE)spawned uWSGI master process (pid: 430)
spawned uWSGI worker 1 (pid: 812, cores: 1)
spawned uWSGI http 1 (pid: 813)
subprocess 810 exited with code 0
